#
# There is insufficient memory for the Java Runtime Environment to continue.
# Native memory allocation (malloc) failed to allocate 1204560 bytes for Chunk::new
# Possible reasons:
#   The system is out of physical RAM or swap space
#   The process is running with CompressedOops enabled, and the Java Heap may be blocking the growth of the native heap
# Possible solutions:
#   Reduce memory load on the system
#   Increase physical memory or swap space
#   Check if swap backing store is full
#   Decrease Java heap size (-Xmx/-Xms)
#   Decrease number of Java threads
#   Decrease Java thread stack sizes (-Xss)
#   Set larger code cache with -XX:ReservedCodeCacheSize=
#   JVM is running with Unscaled Compressed Oops mode in which the Java heap is
#     placed in the first 4GB address space. The Java Heap base address is the
#     maximum limit for the native heap growth. Please use -XX:HeapBaseMinAddress
#     to set the Java Heap base and to place the Java Heap above 4GB virtual address.
# This output file may be truncated or incomplete.
#
#  Out of Memory Error (arena.cpp:195), pid=8420, tid=10360
#
# JRE version: Java(TM) SE Runtime Environment (16.0.1+9) (build 16.0.1+9-24)
# Java VM: Java HotSpot(TM) 64-Bit Server VM (16.0.1+9-24, mixed mode, sharing, tiered, compressed oops, compressed class ptrs, g1 gc, windows-amd64)
# No core dump will be written. Minidumps are not enabled by default on client versions of Windows
#

---------------  S U M M A R Y ------------

Command Line: -Dfile.encoding=UTF-8 --module-path=C:\Users\Thasneem\pharmacy_managment\build\classes edit_delete_drugs

Host: Intel(R) Core(TM) i7-8750H CPU @ 2.20GHz, 12 cores, 3G,  Windows 10 , 64 bit Build 19041 (10.0.19041.1348)
Time: Fri Nov 12 22:53:18 2021 Sri Lanka Standard Time elapsed time: 29.534402 seconds (0d 0h 0m 29s)

---------------  T H R E A D  ---------------

Current thread (0x0000020acce25750):  JavaThread "C2 CompilerThread0" daemon [_thread_in_native, id=10360, stack(0x000000a58d700000,0x000000a58d800000)]


Current CompileTask:
C2:  29534 2391 %     4       sun.java2d.marlin.DRenderer::_endRendering @ 1927 (2480 bytes)

Stack: [0x000000a58d700000,0x000000a58d800000]
Native frames: (J=compiled Java code, j=interpreted, Vv=VM code, C=native code)
V  [jvm.dll+0x6687ca]
V  [jvm.dll+0x7ca3c9]
V  [jvm.dll+0x7cbb53]
V  [jvm.dll+0x7cc1b3]
V  [jvm.dll+0x242ea5]
V  [jvm.dll+0xadeca]
V  [jvm.dll+0xae5ac]
V  [jvm.dll+0x35af27]
V  [jvm.dll+0x1b9f31]
V  [jvm.dll+0x216066]
V  [jvm.dll+0x215350]
V  [jvm.dll+0x1a1d9b]
V  [jvm.dll+0x2253a8]
V  [jvm.dll+0x2233ec]
V  [jvm.dll+0x780002]
V  [jvm.dll+0x779b4a]
V  [jvm.dll+0x667666]
C  [ucrtbase.dll+0x21bb2]
C  [KERNEL32.DLL+0x17034]
C  [ntdll.dll+0x52651]


---------------  P R O C E S S  ---------------

Threads class SMR info:
_java_thread_list=0x0000020ad01d3520, length=18, elements={
0x0000020aaf261940, 0x0000020aaf2645d0, 0x0000020acce20fd0, 0x0000020acce218e0,
0x0000020acce24200, 0x0000020acce24b10, 0x0000020acce25750, 0x0000020acce280b0,
0x0000020acce29010, 0x0000020acce1c640, 0x0000020acd919c60, 0x0000020acda86040,
0x0000020acda86560, 0x0000020acda98010, 0x0000020acdb006e0, 0x0000020aaf18b1d0,
0x0000020aceda6cf0, 0x0000020acee5ba80
}

Java Threads: ( => current thread )
  0x0000020aaf261940 JavaThread "Reference Handler" daemon [_thread_blocked, id=5196, stack(0x000000a58d100000,0x000000a58d200000)]
  0x0000020aaf2645d0 JavaThread "Finalizer" daemon [_thread_blocked, id=12200, stack(0x000000a58d200000,0x000000a58d300000)]
  0x0000020acce20fd0 JavaThread "Signal Dispatcher" daemon [_thread_blocked, id=10228, stack(0x000000a58d300000,0x000000a58d400000)]
  0x0000020acce218e0 JavaThread "Attach Listener" daemon [_thread_blocked, id=12052, stack(0x000000a58d400000,0x000000a58d500000)]
  0x0000020acce24200 JavaThread "Service Thread" daemon [_thread_blocked, id=12036, stack(0x000000a58d500000,0x000000a58d600000)]
  0x0000020acce24b10 JavaThread "Monitor Deflation Thread" daemon [_thread_blocked, id=12500, stack(0x000000a58d600000,0x000000a58d700000)]
=>0x0000020acce25750 JavaThread "C2 CompilerThread0" daemon [_thread_in_native, id=10360, stack(0x000000a58d700000,0x000000a58d800000)]
  0x0000020acce280b0 JavaThread "C1 CompilerThread0" daemon [_thread_blocked, id=11992, stack(0x000000a58d800000,0x000000a58d900000)]
  0x0000020acce29010 JavaThread "Sweeper thread" daemon [_thread_blocked, id=11464, stack(0x000000a58d900000,0x000000a58da00000)]
  0x0000020acce1c640 JavaThread "Common-Cleaner" daemon [_thread_blocked, id=1748, stack(0x000000a58da00000,0x000000a58db00000)]
  0x0000020acd919c60 JavaThread "Notification Thread" daemon [_thread_blocked, id=10892, stack(0x000000a58dc00000,0x000000a58dd00000)]
  0x0000020acda86040 JavaThread "Java2D Disposer" daemon [_thread_blocked, id=11160, stack(0x000000a58de00000,0x000000a58df00000)]
  0x0000020acda86560 JavaThread "AWT-Shutdown" [_thread_blocked, id=10324, stack(0x000000a58df00000,0x000000a58e000000)]
  0x0000020acda98010 JavaThread "AWT-Windows" daemon [_thread_in_native, id=6332, stack(0x000000a58e000000,0x000000a58e100000)]
  0x0000020acdb006e0 JavaThread "AWT-EventQueue-0" [_thread_blocked, id=10936, stack(0x000000a58e100000,0x000000a58e200000)]
  0x0000020aaf18b1d0 JavaThread "DestroyJavaVM" [_thread_blocked, id=10688, stack(0x000000a58ca00000,0x000000a58cb00000)]
  0x0000020aceda6cf0 JavaThread "Abandoned connection cleanup thread" daemon [_thread_blocked, id=11652, stack(0x000000a58e500000,0x000000a58e600000)]
  0x0000020acee5ba80 JavaThread "TimerQueue" daemon [_thread_blocked, id=12100, stack(0x000000a58e600000,0x000000a58e700000)]

Other Threads:
  0x0000020aaf25cef0 VMThread "VM Thread" [stack: 0x000000a58d000000,0x000000a58d100000] [id=10552]
  0x0000020aaf18c160 WatcherThread [stack: 0x000000a58dd00000,0x000000a58de00000] [id=6300]
  0x0000020aaf1ba000 GCTaskThread "GC Thread#0" [stack: 0x000000a58cb00000,0x000000a58cc00000] [id=12572]
  0x0000020acd8ac590 GCTaskThread "GC Thread#1" [stack: 0x000000a58db00000,0x000000a58dc00000] [id=3544]
  0x0000020acd8ac8a0 GCTaskThread "GC Thread#2" [stack: 0x000000a58e700000,0x000000a58e800000] [id=6776]
  0x0000020ace7c4800 GCTaskThread "GC Thread#3" [stack: 0x000000a58e800000,0x000000a58e900000] [id=12952]
  0x0000020ad045fa20 GCTaskThread "GC Thread#4" [stack: 0x000000a58e900000,0x000000a58ea00000] [id=2096]
  0x0000020ad045e4b0 GCTaskThread "GC Thread#5" [stack: 0x000000a58ea00000,0x000000a58eb00000] [id=11912]
  0x0000020ad045f710 GCTaskThread "GC Thread#6" [stack: 0x000000a58eb00000,0x000000a58ec00000] [id=12620]
  0x0000020ad045f0f0 GCTaskThread "GC Thread#7" [stack: 0x000000a58ec00000,0x000000a58ed00000] [id=11704]
  0x0000020ad045de90 GCTaskThread "GC Thread#8" [stack: 0x000000a58ed00000,0x000000a58ee00000] [id=32]
  0x0000020ad045ede0 GCTaskThread "GC Thread#9" [stack: 0x000000a58ee00000,0x000000a58ef00000] [id=5516]
  0x0000020aaf1c2b90 ConcurrentGCThread "G1 Main Marker" [stack: 0x000000a58cc00000,0x000000a58cd00000] [id=13244]
  0x0000020aaf1c5530 ConcurrentGCThread "G1 Conc#0" [stack: 0x000000a58cd00000,0x000000a58ce00000] [id=12260]
  0x0000020aaf2211e0 ConcurrentGCThread "G1 Refine#0" [stack: 0x000000a58ce00000,0x000000a58cf00000] [id=13192]
  0x0000020acef4d740 ConcurrentGCThread "G1 Refine#1" [stack: 0x000000a58ef00000,0x000000a58f000000] [id=12472]
  0x0000020ace858ec0 ConcurrentGCThread "G1 Refine#2" [stack: 0x000000a58f000000,0x000000a58f100000] [id=5528]
  0x0000020ace859610 ConcurrentGCThread "G1 Refine#3" [stack: 0x000000a58f100000,0x000000a58f200000] [id=11456]
  0x0000020aaf221b70 ConcurrentGCThread "G1 Service" [stack: 0x000000a58cf00000,0x000000a58d000000] [id=2712]

Threads with active compile tasks:
C2 CompilerThread0    29717 2391 %     4       sun.java2d.marlin.DRenderer::_endRendering @ 1927 (2480 bytes)

VM state: not at safepoint (normal execution)

VM Mutex/Monitor currently owned by a thread: None

Heap address: 0x00000000c2600000, size: 986 MB, Compressed Oops mode: 32-bit

CDS archive(s) mapped at: [0x0000000800000000-0x0000000800bb0000-0x0000000800bb0000), size 12255232, SharedBaseAddress: 0x0000000800000000, ArchiveRelocationMode: 0.
Compressed class space mapped at: 0x0000000800c00000-0x0000000840c00000, reserved size: 1073741824
Narrow klass base: 0x0000000800000000, Narrow klass shift: 3, Narrow klass range: 0x100000000

GC Precious Log:
 CPUs: 12 total, 12 available
 Memory: 3938M
 Large Page Support: Disabled
 NUMA Support: Disabled
 Compressed Oops: Enabled (32-bit)
 Heap Region Size: 1M
 Heap Min Capacity: 8M
 Heap Initial Capacity: 62M
 Heap Max Capacity: 986M
 Pre-touch: Disabled
 Parallel Workers: 10
 Concurrent Workers: 3
 Concurrent Refinement Workers: 10
 Periodic GC: Disabled

Heap:
 garbage-first heap   total 63488K, used 20181K [0x00000000c2600000, 0x0000000100000000)
  region size 1024K, 13 young (13312K), 3 survivors (3072K)
 Metaspace       used 15767K, committed 16000K, reserved 1064960K
  class space    used 1726K, committed 1856K, reserved 1048576K

Heap Regions: E=young(eden), S=young(survivor), O=old, HS=humongous(starts), HC=humongous(continues), CS=collection set, F=free, OA=open archive, CA=closed archive, TAMS=top-at-mark-start (previous, next)
|   0|0x00000000c2600000, 0x00000000c2700000, 0x00000000c2700000|100%|HS|  |TAMS 0x00000000c2600000, 0x00000000c2600000| Complete 
|   1|0x00000000c2700000, 0x00000000c2800000, 0x00000000c2800000|100%|HC|  |TAMS 0x00000000c2700000, 0x00000000c2700000| Complete 
|   2|0x00000000c2800000, 0x00000000c2900000, 0x00000000c2900000|100%|HC|  |TAMS 0x00000000c2800000, 0x00000000c2800000| Complete 
|   3|0x00000000c2900000, 0x00000000c2a00000, 0x00000000c2a00000|100%| O|  |TAMS 0x00000000c2900000, 0x00000000c2900000| Untracked 
|   4|0x00000000c2a00000, 0x00000000c2b00000, 0x00000000c2b00000|100%| O|  |TAMS 0x00000000c2a00000, 0x00000000c2a00000| Untracked 
|   5|0x00000000c2b00000, 0x00000000c2c00000, 0x00000000c2c00000|100%| O|  |TAMS 0x00000000c2b00000, 0x00000000c2b00000| Untracked 
|   6|0x00000000c2c00000, 0x00000000c2d00000, 0x00000000c2d00000|100%| O|  |TAMS 0x00000000c2c00000, 0x00000000c2c00000| Untracked 
|   7|0x00000000c2d00000, 0x00000000c2db5400, 0x00000000c2e00000| 70%| O|  |TAMS 0x00000000c2d00000, 0x00000000c2d00000| Untracked 
|   8|0x00000000c2e00000, 0x00000000c2e00000, 0x00000000c2f00000|  0%| F|  |TAMS 0x00000000c2e00000, 0x00000000c2e00000| Untracked 
|   9|0x00000000c2f00000, 0x00000000c2f00000, 0x00000000c3000000|  0%| F|  |TAMS 0x00000000c2f00000, 0x00000000c2f00000| Untracked 
|  10|0x00000000c3000000, 0x00000000c3000000, 0x00000000c3100000|  0%| F|  |TAMS 0x00000000c3000000, 0x00000000c3000000| Untracked 
|  11|0x00000000c3100000, 0x00000000c3100000, 0x00000000c3200000|  0%| F|  |TAMS 0x00000000c3100000, 0x00000000c3100000| Untracked 
|  12|0x00000000c3200000, 0x00000000c3200000, 0x00000000c3300000|  0%| F|  |TAMS 0x00000000c3200000, 0x00000000c3200000| Untracked 
|  13|0x00000000c3300000, 0x00000000c3300000, 0x00000000c3400000|  0%| F|  |TAMS 0x00000000c3300000, 0x00000000c3300000| Untracked 
|  14|0x00000000c3400000, 0x00000000c3400000, 0x00000000c3500000|  0%| F|  |TAMS 0x00000000c3400000, 0x00000000c3400000| Untracked 
|  15|0x00000000c3500000, 0x00000000c3500000, 0x00000000c3600000|  0%| F|  |TAMS 0x00000000c3500000, 0x00000000c3500000| Untracked 
|  16|0x00000000c3600000, 0x00000000c3600000, 0x00000000c3700000|  0%| F|  |TAMS 0x00000000c3600000, 0x00000000c3600000| Untracked 
|  17|0x00000000c3700000, 0x00000000c3700000, 0x00000000c3800000|  0%| F|  |TAMS 0x00000000c3700000, 0x00000000c3700000| Untracked 
|  18|0x00000000c3800000, 0x00000000c3800000, 0x00000000c3900000|  0%| F|  |TAMS 0x00000000c3800000, 0x00000000c3800000| Untracked 
|  19|0x00000000c3900000, 0x00000000c3900000, 0x00000000c3a00000|  0%| F|  |TAMS 0x00000000c3900000, 0x00000000c3900000| Untracked 
|  20|0x00000000c3a00000, 0x00000000c3a00000, 0x00000000c3b00000|  0%| F|  |TAMS 0x00000000c3a00000, 0x00000000c3a00000| Untracked 
|  21|0x00000000c3b00000, 0x00000000c3b00000, 0x00000000c3c00000|  0%| F|  |TAMS 0x00000000c3b00000, 0x00000000c3b00000| Untracked 
|  22|0x00000000c3c00000, 0x00000000c3c00000, 0x00000000c3d00000|  0%| F|  |TAMS 0x00000000c3c00000, 0x00000000c3c00000| Untracked 
|  23|0x00000000c3d00000, 0x00000000c3d00000, 0x00000000c3e00000|  0%| F|  |TAMS 0x00000000c3d00000, 0x00000000c3d00000| Untracked 
|  24|0x00000000c3e00000, 0x00000000c3e00000, 0x00000000c3f00000|  0%| F|  |TAMS 0x00000000c3e00000, 0x00000000c3e00000| Untracked 
|  25|0x00000000c3f00000, 0x00000000c3f00000, 0x00000000c4000000|  0%| F|  |TAMS 0x00000000c3f00000, 0x00000000c3f00000| Untracked 
|  26|0x00000000c4000000, 0x00000000c4000000, 0x00000000c4100000|  0%| F|  |TAMS 0x00000000c4000000, 0x00000000c4000000| Untracked 
|  27|0x00000000c4100000, 0x00000000c4100000, 0x00000000c4200000|  0%| F|  |TAMS 0x00000000c4100000, 0x00000000c4100000| Untracked 
|  28|0x00000000c4200000, 0x00000000c4200000, 0x00000000c4300000|  0%| F|  |TAMS 0x00000000c4200000, 0x00000000c4200000| Untracked 
|  29|0x00000000c4300000, 0x00000000c4300000, 0x00000000c4400000|  0%| F|  |TAMS 0x00000000c4300000, 0x00000000c4300000| Untracked 
|  30|0x00000000c4400000, 0x00000000c4400000, 0x00000000c4500000|  0%| F|  |TAMS 0x00000000c4400000, 0x00000000c4400000| Untracked 
|  31|0x00000000c4500000, 0x00000000c4500000, 0x00000000c4600000|  0%| F|  |TAMS 0x00000000c4500000, 0x00000000c4500000| Untracked 
|  32|0x00000000c4600000, 0x00000000c4600000, 0x00000000c4700000|  0%| F|  |TAMS 0x00000000c4600000, 0x00000000c4600000| Untracked 
|  33|0x00000000c4700000, 0x00000000c4700000, 0x00000000c4800000|  0%| F|  |TAMS 0x00000000c4700000, 0x00000000c4700000| Untracked 
|  34|0x00000000c4800000, 0x00000000c4800000, 0x00000000c4900000|  0%| F|  |TAMS 0x00000000c4800000, 0x00000000c4800000| Untracked 
|  35|0x00000000c4900000, 0x00000000c4900000, 0x00000000c4a00000|  0%| F|  |TAMS 0x00000000c4900000, 0x00000000c4900000| Untracked 
|  36|0x00000000c4a00000, 0x00000000c4b00000, 0x00000000c4b00000|100%| S|CS|TAMS 0x00000000c4a00000, 0x00000000c4a00000| Complete 
|  37|0x00000000c4b00000, 0x00000000c4c00000, 0x00000000c4c00000|100%| S|CS|TAMS 0x00000000c4b00000, 0x00000000c4b00000| Complete 
|  38|0x00000000c4c00000, 0x00000000c4d00000, 0x00000000c4d00000|100%| S|CS|TAMS 0x00000000c4c00000, 0x00000000c4c00000| Complete 
|  39|0x00000000c4d00000, 0x00000000c4d00000, 0x00000000c4e00000|  0%| F|  |TAMS 0x00000000c4d00000, 0x00000000c4d00000| Untracked 
|  40|0x00000000c4e00000, 0x00000000c4e00000, 0x00000000c4f00000|  0%| F|  |TAMS 0x00000000c4e00000, 0x00000000c4e00000| Untracked 
|  41|0x00000000c4f00000, 0x00000000c4f00000, 0x00000000c5000000|  0%| F|  |TAMS 0x00000000c4f00000, 0x00000000c4f00000| Untracked 
|  42|0x00000000c5000000, 0x00000000c5000000, 0x00000000c5100000|  0%| F|  |TAMS 0x00000000c5000000, 0x00000000c5000000| Untracked 
|  43|0x00000000c5100000, 0x00000000c5100000, 0x00000000c5200000|  0%| F|  |TAMS 0x00000000c5100000, 0x00000000c5100000| Untracked 
|  44|0x00000000c5200000, 0x00000000c5200000, 0x00000000c5300000|  0%| F|  |TAMS 0x00000000c5200000, 0x00000000c5200000| Untracked 
|  45|0x00000000c5300000, 0x00000000c5300000, 0x00000000c5400000|  0%| F|  |TAMS 0x00000000c5300000, 0x00000000c5300000| Untracked 
|  46|0x00000000c5400000, 0x00000000c5400000, 0x00000000c5500000|  0%| F|  |TAMS 0x00000000c5400000, 0x00000000c5400000| Untracked 
|  47|0x00000000c5500000, 0x00000000c5500000, 0x00000000c5600000|  0%| F|  |TAMS 0x00000000c5500000, 0x00000000c5500000| Untracked 
|  48|0x00000000c5600000, 0x00000000c5600000, 0x00000000c5700000|  0%| F|  |TAMS 0x00000000c5600000, 0x00000000c5600000| Untracked 
|  49|0x00000000c5700000, 0x00000000c5700000, 0x00000000c5800000|  0%| F|  |TAMS 0x00000000c5700000, 0x00000000c5700000| Untracked 
|  50|0x00000000c5800000, 0x00000000c5800000, 0x00000000c5900000|  0%| F|  |TAMS 0x00000000c5800000, 0x00000000c5800000| Untracked 
|  51|0x00000000c5900000, 0x00000000c5900000, 0x00000000c5a00000|  0%| F|  |TAMS 0x00000000c5900000, 0x00000000c5900000| Untracked 
|  52|0x00000000c5a00000, 0x00000000c5a55710, 0x00000000c5b00000| 33%| E|  |TAMS 0x00000000c5a00000, 0x00000000c5a00000| Complete 
|  53|0x00000000c5b00000, 0x00000000c5c00000, 0x00000000c5c00000|100%| E|CS|TAMS 0x00000000c5b00000, 0x00000000c5b00000| Complete 
|  54|0x00000000c5c00000, 0x00000000c5d00000, 0x00000000c5d00000|100%| E|CS|TAMS 0x00000000c5c00000, 0x00000000c5c00000| Complete 
|  55|0x00000000c5d00000, 0x00000000c5e00000, 0x00000000c5e00000|100%| E|CS|TAMS 0x00000000c5d00000, 0x00000000c5d00000| Complete 
|  56|0x00000000c5e00000, 0x00000000c5f00000, 0x00000000c5f00000|100%| E|CS|TAMS 0x00000000c5e00000, 0x00000000c5e00000| Complete 
|  57|0x00000000c5f00000, 0x00000000c6000000, 0x00000000c6000000|100%| E|CS|TAMS 0x00000000c5f00000, 0x00000000c5f00000| Complete 
|  58|0x00000000c6000000, 0x00000000c6100000, 0x00000000c6100000|100%| E|CS|TAMS 0x00000000c6000000, 0x00000000c6000000| Complete 
|  59|0x00000000c6100000, 0x00000000c6200000, 0x00000000c6200000|100%| E|CS|TAMS 0x00000000c6100000, 0x00000000c6100000| Complete 
|  60|0x00000000c6200000, 0x00000000c6300000, 0x00000000c6300000|100%| E|CS|TAMS 0x00000000c6200000, 0x00000000c6200000| Complete 
|  61|0x00000000c6300000, 0x00000000c6400000, 0x00000000c6400000|100%| E|CS|TAMS 0x00000000c6300000, 0x00000000c6300000| Complete 

Card table byte_map: [0x0000020ac7fa0000,0x0000020ac8190000] _byte_map_base: 0x0000020ac798d000

Marking Bits (Prev, Next): (CMBitMap*) 0x0000020aaf1ba600, (CMBitMap*) 0x0000020aaf1ba640
 Prev Bits: [0x0000020ac8380000, 0x0000020ac92e8000)
 Next Bits: [0x0000020ac92f0000, 0x0000020aca258000)

Polling page: 0x0000020aaeea0000

Metaspace:

Usage:
  Non-class:     13.71 MB used.
      Class:      1.69 MB used.
       Both:     15.40 MB used.

Virtual space:
  Non-class space:       16.00 MB reserved,      13.81 MB ( 86%) committed,  2 nodes.
      Class space:        1.00 GB reserved,       1.81 MB ( <1%) committed,  1 nodes.
              Both:        1.02 GB reserved,      15.62 MB (  2%) committed. 

Chunk freelists:
   Non-Class:  2.08 MB
       Class:  2.22 MB
        Both:  4.30 MB

MaxMetaspaceSize: 17179869184.00 GB
CompressedClassSpaceSize: 1.00 GB
 - commit_granule_bytes: 65536.
 - commit_granule_words: 8192.
 - virtual_space_node_default_size: 1048576.
 - enlarge_chunks_in_place: 1.
 - new_chunks_are_fully_committed: 0.
 - uncommit_free_chunks: 1.
 - use_allocation_guard: 0.
 - handle_deallocations: 1.


Internal statistics:

num_allocs_failed_limit: 0.
num_arena_births: 132.
num_arena_deaths: 0.
num_vsnodes_births: 3.
num_vsnodes_deaths: 0.
num_space_committed: 250.
num_space_uncommitted: 0.
num_chunks_returned_to_freelist: 0.
num_chunks_taken_from_freelist: 290.
num_chunk_merges: 0.
num_chunk_splits: 175.
num_chunks_enlarged: 107.
num_purges: 0.

CodeHeap 'non-profiled nmethods': size=120000Kb used=956Kb max_used=956Kb free=119043Kb
 bounds [0x0000020abfbf0000, 0x0000020abfe60000, 0x0000020ac7120000]
CodeHeap 'profiled nmethods': size=120000Kb used=4666Kb max_used=4666Kb free=115333Kb
 bounds [0x0000020ab86c0000, 0x0000020ab8b50000, 0x0000020abfbf0000]
CodeHeap 'non-nmethods': size=5760Kb used=1372Kb max_used=1417Kb free=4387Kb
 bounds [0x0000020ab8120000, 0x0000020ab8390000, 0x0000020ab86c0000]
 total_blobs=3127 nmethods=2415 adapters=623
 compilation: enabled
              stopped_count=0, restarted_count=0
 full_count=0

Compilation events (20 events):
Event: 28.039 Thread 0x0000020acce280b0 2383       3       java.util.LinkedList::node (65 bytes)
Event: 28.039 Thread 0x0000020acce280b0 nmethod 2383 0x0000020ab8b39690 code [0x0000020ab8b39840, 0x0000020ab8b39b18]
Event: 28.039 Thread 0x0000020acce280b0 2384       1       javax.swing.JComponent::alwaysOnTop (2 bytes)
Event: 28.039 Thread 0x0000020acce280b0 nmethod 2384 0x0000020abfcd4210 code [0x0000020abfcd43a0, 0x0000020abfcd4478]
Event: 28.039 Thread 0x0000020acce280b0 2385       1       javax.swing.JButton::getUIClassID (3 bytes)
Event: 28.039 Thread 0x0000020acce280b0 nmethod 2385 0x0000020abfcd4510 code [0x0000020abfcd46a0, 0x0000020abfcd4778]
Event: 28.039 Thread 0x0000020acce280b0 2386       3       javax.swing.plaf.nimbus.AbstractRegionPainter::getImage (225 bytes)
Event: 28.040 Thread 0x0000020acce280b0 nmethod 2386 0x0000020ab8b39c90 code [0x0000020ab8b39fc0, 0x0000020ab8b3bb28]
Event: 28.040 Thread 0x0000020acce280b0 2387   !   3       javax.swing.plaf.nimbus.ImageCache::getImage (122 bytes)
Event: 28.041 Thread 0x0000020acce280b0 nmethod 2387 0x0000020ab8b3c190 code [0x0000020ab8b3c4e0, 0x0000020ab8b3da78]
Event: 28.041 Thread 0x0000020acce280b0 2388       3       sun.java2d.SurfaceData::getTransparency (8 bytes)
Event: 28.041 Thread 0x0000020acce280b0 nmethod 2388 0x0000020ab8b3e390 code [0x0000020ab8b3e540, 0x0000020ab8b3e728]
Event: 28.171 Thread 0x0000020acce25750 nmethod 2380% 0x0000020abfcd4810 code [0x0000020abfcd4aa0, 0x0000020abfcdab00]
Event: 28.757 Thread 0x0000020acce25750 2389   !   4       sun.awt.AWTAutoShutdown::setToolkitBusy (124 bytes)
Event: 28.758 Thread 0x0000020acce25750 nmethod 2389 0x0000020abfcde810 code [0x0000020abfcde9c0, 0x0000020abfcdeed8]
Event: 28.797 Thread 0x0000020acce280b0 2390       3       javax.swing.plaf.nimbus.AbstractRegionPainter::paintWith9SquareCaching (247 bytes)
Event: 28.797 Thread 0x0000020acce280b0 nmethod 2390 0x0000020ab8b3e810 code [0x0000020ab8b3ea60, 0x0000020ab8b3f4f8]
Event: 29.466 Thread 0x0000020acce25750 2391 %     4       sun.java2d.marlin.DRenderer::_endRendering @ 1927 (2480 bytes)
Event: 29.466 Thread 0x0000020acce280b0 2392       3       java.awt.geom.AffineTransform::translate (547 bytes)
Event: 29.467 Thread 0x0000020acce280b0 nmethod 2392 0x0000020ab8b3f890 code [0x0000020ab8b3faa0, 0x0000020ab8b407c8]

GC Heap History (2 events):
Event: 16.533 GC heap before
{Heap before GC invocations=0 (full 0):
 garbage-first heap   total 63488K, used 25600K [0x00000000c2600000, 0x0000000100000000)
  region size 1024K, 23 young (23552K), 0 survivors (0K)
 Metaspace       used 14416K, committed 14656K, reserved 1064960K
  class space    used 1600K, committed 1728K, reserved 1048576K
}
Event: 16.541 GC heap after
{Heap after GC invocations=1 (full 0):
 garbage-first heap   total 63488K, used 10965K [0x00000000c2600000, 0x0000000100000000)
  region size 1024K, 3 young (3072K), 3 survivors (3072K)
 Metaspace       used 14416K, committed 14656K, reserved 1064960K
  class space    used 1600K, committed 1728K, reserved 1048576K
}

Deoptimization events (20 events):
Event: 27.747 Thread 0x0000020acdb006e0 Uncommon trap: trap_request=0xffffff45 fr.pc=0x0000020abfc7e71c relative=0x0000000000000d3c
Event: 27.747 Thread 0x0000020acdb006e0 Uncommon trap: reason=unstable_if action=reinterpret pc=0x0000020abfc7e71c method=sun.java2d.marlin.MarlinCache.copyAARowRLE_WithBlockFlags([I[IIII)V @ 218 c2
Event: 27.747 Thread 0x0000020acdb006e0 DEOPT PACKING pc=0x0000020abfc7e71c sp=0x000000a58e1fcd00
Event: 27.747 Thread 0x0000020acdb006e0 DEOPT UNPACKING pc=0x0000020ab816d72e sp=0x000000a58e1fcc30 mode 2
Event: 28.028 Thread 0x0000020acdb006e0 DEOPT PACKING pc=0x0000020ab8b1dd0d sp=0x000000a58e1fadb0
Event: 28.028 Thread 0x0000020acdb006e0 DEOPT UNPACKING pc=0x0000020ab816dece sp=0x000000a58e1fa200 mode 0
Event: 28.030 Thread 0x0000020acdb006e0 Uncommon trap: trap_request=0xffffff45 fr.pc=0x0000020abfccb5b4 relative=0x0000000000000174
Event: 28.030 Thread 0x0000020acdb006e0 Uncommon trap: reason=unstable_if action=reinterpret pc=0x0000020abfccb5b4 method=java.awt.geom.AffineTransform.translate(DD)V @ 4 c2
Event: 28.030 Thread 0x0000020acdb006e0 DEOPT PACKING pc=0x0000020abfccb5b4 sp=0x000000a58e1fb070
Event: 28.030 Thread 0x0000020acdb006e0 DEOPT UNPACKING pc=0x0000020ab816d72e sp=0x000000a58e1faff8 mode 2
Event: 28.030 Thread 0x0000020acdb006e0 Uncommon trap: trap_request=0xffffff45 fr.pc=0x0000020abfcb6970 relative=0x00000000000004d0
Event: 28.030 Thread 0x0000020acdb006e0 Uncommon trap: reason=unstable_if action=reinterpret pc=0x0000020abfcb6970 method=java.awt.geom.AffineTransform.transform([DI[DII)V @ 41 c2
Event: 28.030 Thread 0x0000020acdb006e0 DEOPT PACKING pc=0x0000020abfcb6970 sp=0x000000a58e1fafb0
Event: 28.030 Thread 0x0000020acdb006e0 DEOPT UNPACKING pc=0x0000020ab816d72e sp=0x000000a58e1faed0 mode 2
Event: 28.035 Thread 0x0000020acdb006e0 DEOPT PACKING pc=0x0000020ab8b1dd0d sp=0x000000a58e1fb870
Event: 28.035 Thread 0x0000020acdb006e0 DEOPT UNPACKING pc=0x0000020ab816dece sp=0x000000a58e1facc0 mode 0
Event: 28.039 Thread 0x0000020acdb006e0 DEOPT PACKING pc=0x0000020ab8b1dd0d sp=0x000000a58e1fb950
Event: 28.039 Thread 0x0000020acdb006e0 DEOPT UNPACKING pc=0x0000020ab816dece sp=0x000000a58e1fada0 mode 0
Event: 28.797 Thread 0x0000020acdb006e0 DEOPT PACKING pc=0x0000020ab8b1dd0d sp=0x000000a58e1fb8d0
Event: 28.797 Thread 0x0000020acdb006e0 DEOPT UNPACKING pc=0x0000020ab816dece sp=0x000000a58e1fad20 mode 0

Classes unloaded (0 events):
No events

Classes redefined (0 events):
No events

Internal exceptions (20 events):
Event: 0.199 Thread 0x0000020aaf18b1d0 Exception <a 'java/lang/ClassNotFoundException'{0x00000000c5e11040}: ToolTip> (0x00000000c5e11040) 
thrown [t:\workspace\open\src\hotspot\share\classfile\systemDictionary.cpp, line 256]
Event: 0.200 Thread 0x0000020aaf18b1d0 Exception <a 'java/lang/ClassNotFoundException'{0x00000000c5e11990}: Tree> (0x00000000c5e11990) 
thrown [t:\workspace\open\src\hotspot\share\classfile\systemDictionary.cpp, line 256]
Event: 0.200 Thread 0x0000020aaf18b1d0 Exception <a 'java/lang/ClassNotFoundException'{0x00000000c5e11e88}: Tree> (0x00000000c5e11e88) 
thrown [t:\workspace\open\src\hotspot\share\classfile\systemDictionary.cpp, line 256]
Event: 0.200 Thread 0x0000020aaf18b1d0 Exception <a 'java/lang/ClassNotFoundException'{0x00000000c5e121f8}: javax/swing/JTreeCell> (0x00000000c5e121f8) 
thrown [t:\workspace\open\src\hotspot\share\classfile\systemDictionary.cpp, line 256]
Event: 0.200 Thread 0x0000020aaf18b1d0 Exception <a 'java/lang/ClassNotFoundException'{0x00000000c5e124f8}: TreeCell> (0x00000000c5e124f8) 
thrown [t:\workspace\open\src\hotspot\share\classfile\systemDictionary.cpp, line 256]
Event: 0.200 Thread 0x0000020aaf18b1d0 Exception <a 'java/lang/ClassNotFoundException'{0x00000000c5e12cb8}: RootPane> (0x00000000c5e12cb8) 
thrown [t:\workspace\open\src\hotspot\share\classfile\systemDictionary.cpp, line 256]
Event: 0.201 Thread 0x0000020aaf18b1d0 Exception <a 'java/lang/ClassNotFoundException'{0x00000000c5e15b08}: com/sun/swing/internal/plaf/metal/resources/spi/metalProvider> (0x00000000c5e15b08) 
thrown [t:\workspace\open\src\hotspot\share\classfile\systemDictionary.cpp, line 256]
Event: 0.202 Thread 0x0000020aaf18b1d0 Exception <a 'java/lang/ClassNotFoundException'{0x00000000c5e198c8}: com/sun/swing/internal/plaf/basic/resources/spi/basicProvider> (0x00000000c5e198c8) 
thrown [t:\workspace\open\src\hotspot\share\classfile\systemDictionary.cpp, line 256]
Event: 0.216 Thread 0x0000020acdb006e0 Exception <a 'java/lang/ClassNotFoundException'{0x00000000c5d01440}: com/sun/swing/internal/plaf/synth/resources/spi/synthProvider> (0x00000000c5d01440) 
thrown [t:\workspace\open\src\hotspot\share\classfile\systemDictionary.cpp, line 256]
Event: 0.241 Thread 0x0000020acda98010 Exception <a 'java/lang/NoSuchMethodError'{0x00000000c60859c8}: 'void java.lang.invoke.DirectMethodHandle$Holder.invokeVirtual(java.lang.Object, java.lang.Object)'> (0x00000000c60859c8) 
thrown [t:\workspace\open\src\hotspot\share\interpreter\linkResolver.cpp, line 790]
Event: 0.251 Thread 0x0000020acdb006e0 Exception <a 'java/lang/NoSuchMethodError'{0x00000000c5d7ec98}: 'void java.lang.invoke.DirectMethodHandle$Holder.invokeStaticInit(java.lang.Object)'> (0x00000000c5d7ec98) 
thrown [t:\workspace\open\src\hotspot\share\interpreter\linkResolver.cpp, line 790]
Event: 0.292 Thread 0x0000020acdb006e0 Implicit null exception at 0x0000020abfc131af to 0x0000020abfc1322d
Event: 0.402 Thread 0x0000020acdb006e0 Exception <a 'java/lang/NoSuchMethodError'{0x00000000c5b9f4e0}: 'java.lang.Object java.lang.invoke.DirectMethodHandle$Holder.invokeInterface(java.lang.Object, java.lang.Object)'> (0x00000000c5b9f4e0) 
thrown [t:\workspace\open\src\hotspot\share\interpreter\linkResolver.cpp, line 790]
Event: 0.466 Thread 0x0000020acdb006e0 Exception <a 'java/lang/NoSuchMethodError'{0x00000000c58af1a8}: 'void java.lang.invoke.DirectMethodHandle$Holder.invokeStatic(java.lang.Object, java.lang.Object)'> (0x00000000c58af1a8) 
thrown [t:\workspace\open\src\hotspot\share\interpreter\linkResolver.cpp, line 790]
Event: 26.054 Thread 0x0000020acdb006e0 Implicit null exception at 0x0000020abfc973d0 to 0x0000020abfc97901
Event: 26.054 Thread 0x0000020acdb006e0 Implicit null exception at 0x0000020abfc957c8 to 0x0000020abfc95d4f
Event: 26.054 Thread 0x0000020acdb006e0 Implicit null exception at 0x0000020abfc973d0 to 0x0000020abfc97901
Event: 26.054 Thread 0x0000020acdb006e0 Implicit null exception at 0x0000020abfc957c8 to 0x0000020abfc95d4f
Event: 26.054 Thread 0x0000020acdb006e0 Implicit null exception at 0x0000020abfc973d0 to 0x0000020abfc97901
Event: 28.026 Thread 0x0000020acdb006e0 Exception <a 'java/lang/NoSuchMethodError'{0x00000000c5b77740}: 'int java.lang.invoke.DirectMethodHandle$Holder.invokeStatic(java.lang.Object)'> (0x00000000c5b77740) 
thrown [t:\workspace\open\src\hotspot\share\interpreter\linkResolver.cpp, line 790]

Events (20 events):
Event: 28.027 loading class java/awt/SecondaryLoop done
Event: 28.027 loading class java/awt/WaitDispatchSupport done
Event: 28.027 loading class java/awt/WaitDispatchSupport$5
Event: 28.027 loading class java/awt/WaitDispatchSupport$5 done
Event: 28.027 loading class java/awt/WaitDispatchSupport$1
Event: 28.027 loading class java/awt/WaitDispatchSupport$1 done
Event: 28.027 loading class java/awt/WaitDispatchSupport$2
Event: 28.027 loading class java/awt/WaitDispatchSupport$2 done
Event: 28.027 loading class java/awt/WaitDispatchSupport$4
Event: 28.027 loading class java/awt/WaitDispatchSupport$4 done
Event: 28.029 loading class javax/swing/plaf/synth/SynthGraphicsUtils$SynthIconWrapper
Event: 28.029 loading class javax/swing/plaf/synth/SynthGraphicsUtils$SynthIconWrapper done
Event: 28.029 loading class javax/swing/plaf/nimbus/OptionPanePainter
Event: 28.029 loading class javax/swing/plaf/nimbus/OptionPanePainter done
Event: 28.029 loading class java/awt/geom/EllipseIterator
Event: 28.029 loading class java/awt/geom/EllipseIterator done
Event: 28.030 loading class sun/java2d/loops/Blit$GeneralMaskBlit
Event: 28.030 loading class sun/java2d/loops/Blit$GeneralMaskBlit done
Event: 28.974 Executing  VM operation: Cleanup
Event: 28.974 Executing  VM operation: Cleanup done


Dynamic libraries:
0x00007ff6e72d0000 - 0x00007ff6e72e0000 	C:\Program Files\Java\jdk-16.0.1\bin\java.exe
0x00007ffc582b0000 - 0x00007ffc584a5000 	C:\Windows\SYSTEM32\ntdll.dll
0x00007ffc569f0000 - 0x00007ffc56aae000 	C:\Windows\System32\KERNEL32.DLL
0x00007ffc55c20000 - 0x00007ffc55ee8000 	C:\Windows\System32\KERNELBASE.dll
0x00007ffc559d0000 - 0x00007ffc55ad0000 	C:\Windows\System32\ucrtbase.dll
0x00007ffc52790000 - 0x00007ffc527a8000 	C:\Program Files\Java\jdk-16.0.1\bin\jli.dll
0x00007ffc1ad60000 - 0x00007ffc1ad79000 	C:\Program Files\Java\jdk-16.0.1\bin\VCRUNTIME140.dll
0x00007ffc57440000 - 0x00007ffc574ec000 	C:\Windows\System32\ADVAPI32.dll
0x00007ffc564a0000 - 0x00007ffc5653e000 	C:\Windows\System32\msvcrt.dll
0x00007ffc573a0000 - 0x00007ffc5743b000 	C:\Windows\System32\sechost.dll
0x00007ffc57ed0000 - 0x00007ffc57ffa000 	C:\Windows\System32\RPCRT4.dll
0x00007ffc57bf0000 - 0x00007ffc57d91000 	C:\Windows\System32\USER32.dll
0x00007ffc55ef0000 - 0x00007ffc55f12000 	C:\Windows\System32\win32u.dll
0x00007ffc3ea40000 - 0x00007ffc3ecda000 	C:\Windows\WinSxS\amd64_microsoft.windows.common-controls_6595b64144ccf1df_6.0.19041.1110_none_60b5254171f9507e\COMCTL32.dll
0x00007ffc58120000 - 0x00007ffc5814b000 	C:\Windows\System32\GDI32.dll
0x00007ffc56080000 - 0x00007ffc5618b000 	C:\Windows\System32\gdi32full.dll
0x00007ffc55ad0000 - 0x00007ffc55b6d000 	C:\Windows\System32\msvcp_win.dll
0x00007ffc4e6c0000 - 0x00007ffc4e6ca000 	C:\Windows\SYSTEM32\VERSION.dll
0x00007ffc576d0000 - 0x00007ffc57700000 	C:\Windows\System32\IMM32.DLL
0x00007ffc29eb0000 - 0x00007ffc29ebc000 	C:\Program Files\Java\jdk-16.0.1\bin\vcruntime140_1.dll
0x00007ffc00e60000 - 0x00007ffc00ef1000 	C:\Program Files\Java\jdk-16.0.1\bin\msvcp140.dll
0x00007ffc011f0000 - 0x00007ffc01d9b000 	C:\Program Files\Java\jdk-16.0.1\bin\server\jvm.dll
0x00007ffc568a0000 - 0x00007ffc568a8000 	C:\Windows\System32\PSAPI.DLL
0x00007ffc2a8c0000 - 0x00007ffc2a8c9000 	C:\Windows\SYSTEM32\WSOCK32.dll
0x00007ffc42d80000 - 0x00007ffc42da7000 	C:\Windows\SYSTEM32\WINMM.dll
0x00007ffc580b0000 - 0x00007ffc5811b000 	C:\Windows\System32\WS2_32.dll
0x00007ffc538d0000 - 0x00007ffc538e2000 	C:\Windows\SYSTEM32\kernel.appcore.dll
0x00007ffc29990000 - 0x00007ffc2999a000 	C:\Program Files\Java\jdk-16.0.1\bin\jimage.dll
0x00007ffc42b90000 - 0x00007ffc42d74000 	C:\Windows\SYSTEM32\DBGHELP.DLL
0x00007ffc42b60000 - 0x00007ffc42b8c000 	C:\Windows\SYSTEM32\dbgcore.DLL
0x00007ffc561c0000 - 0x00007ffc56243000 	C:\Windows\System32\bcryptPrimitives.dll
0x00007ffc17e30000 - 0x00007ffc17e55000 	C:\Program Files\Java\jdk-16.0.1\bin\java.dll
0x00007ffc56c60000 - 0x00007ffc5739f000 	C:\Windows\System32\SHELL32.dll
0x00007ffc53ad0000 - 0x00007ffc54260000 	C:\Windows\SYSTEM32\windows.storage.dll
0x00007ffc56540000 - 0x00007ffc56895000 	C:\Windows\System32\combase.dll
0x00007ffc55420000 - 0x00007ffc5544e000 	C:\Windows\SYSTEM32\Wldp.dll
0x00007ffc574f0000 - 0x00007ffc5759d000 	C:\Windows\System32\SHCORE.dll
0x00007ffc56310000 - 0x00007ffc56365000 	C:\Windows\System32\shlwapi.dll
0x00007ffc55910000 - 0x00007ffc5592f000 	C:\Windows\SYSTEM32\profapi.dll
0x00007ffc0c7f0000 - 0x00007ffc0c809000 	C:\Program Files\Java\jdk-16.0.1\bin\net.dll
0x00007ffc46190000 - 0x00007ffc4629c000 	C:\Windows\SYSTEM32\WINHTTP.dll
0x00007ffc55180000 - 0x00007ffc551ea000 	C:\Windows\system32\mswsock.dll
0x00007ffc05660000 - 0x00007ffc05673000 	C:\Program Files\Java\jdk-16.0.1\bin\nio.dll
0x00007ffc02170000 - 0x00007ffc02188000 	C:\Program Files\Java\jdk-16.0.1\bin\zip.dll
0x00007ffc00f00000 - 0x00007ffc01080000 	C:\Program Files\Java\jdk-16.0.1\bin\awt.dll
0x00007ffc56370000 - 0x00007ffc5643d000 	C:\Windows\System32\OLEAUT32.dll
0x00007ffc52160000 - 0x00007ffc521f0000 	C:\Windows\SYSTEM32\apphelp.dll
0x00007ffc53370000 - 0x00007ffc5340e000 	C:\Windows\system32\uxtheme.dll
0x00007ffc58150000 - 0x00007ffc58265000 	C:\Windows\System32\MSCTF.dll
0x00007ffc575a0000 - 0x00007ffc576ca000 	C:\Windows\System32\ole32.dll
0x00007ffc535e0000 - 0x00007ffc5360f000 	C:\Windows\system32\DWMAPI.DLL
0x00007ffc00dd0000 - 0x00007ffc00e59000 	C:\Program Files\Java\jdk-16.0.1\bin\freetype.dll
0x00007ffc00cd0000 - 0x00007ffc00dc6000 	C:\Program Files\Java\jdk-16.0.1\bin\harfbuzz.dll
0x00007ffc01100000 - 0x00007ffc01112000 	C:\Program Files\Java\jdk-16.0.1\bin\fontmanager.dll
0x00007ffc2a010000 - 0x00007ffc2a135000 	C:\Windows\system32\opengl32.dll
0x00007ffc46080000 - 0x00007ffc460ac000 	C:\Windows\SYSTEM32\GLU32.dll
0x00007ffc57da0000 - 0x00007ffc57e49000 	C:\Windows\System32\clbcatq.dll
0x00007ffc4d2a0000 - 0x00007ffc4d454000 	C:\Windows\SYSTEM32\WindowsCodecs.dll
0x00007ffc56190000 - 0x00007ffc561b7000 	C:\Windows\System32\bcrypt.dll
0x00007ffc31060000 - 0x00007ffc3109e000 	C:\Windows\system32\dataexchange.dll
0x00007ffc51170000 - 0x00007ffc513d4000 	C:\Windows\system32\d3d11.dll
0x00007ffc51490000 - 0x00007ffc51675000 	C:\Windows\system32\dcomp.dll
0x00007ffc542c0000 - 0x00007ffc543b4000 	C:\Windows\system32\dxgi.dll
0x00007ffc4e960000 - 0x00007ffc4eb61000 	C:\Windows\system32\twinapi.appcore.dll
0x00007ffc54e60000 - 0x00007ffc54f2b000 	C:\Windows\SYSTEM32\DNSAPI.dll
0x00007ffc54e20000 - 0x00007ffc54e5b000 	C:\Windows\SYSTEM32\IPHLPAPI.DLL
0x00007ffc57760000 - 0x00007ffc57768000 	C:\Windows\System32\NSI.dll
0x00007ffc4cac0000 - 0x00007ffc4caca000 	C:\Windows\System32\rasadhlp.dll
0x00007ffc49c70000 - 0x00007ffc49cef000 	C:\Windows\System32\fwpuclnt.dll
0x00007ffc423f0000 - 0x00007ffc424e9000 	C:\Windows\SYSTEM32\textinputframework.dll
0x00007ffc51a30000 - 0x00007ffc51d8e000 	C:\Windows\System32\CoreUIComponents.dll
0x00007ffc51d90000 - 0x00007ffc51e82000 	C:\Windows\System32\CoreMessaging.dll
0x00007ffc546c0000 - 0x00007ffc546f3000 	C:\Windows\SYSTEM32\ntmarta.dll
0x00007ffc52b60000 - 0x00007ffc52cb4000 	C:\Windows\SYSTEM32\wintypes.dll

dbghelp: loaded successfully - version: 4.0.5 - missing functions: none
symbol engine: initialized successfully - sym options: 0x614 - pdb path: .;C:\Program Files\Java\jdk-16.0.1\bin;C:\Windows\SYSTEM32;C:\Windows\WinSxS\amd64_microsoft.windows.common-controls_6595b64144ccf1df_6.0.19041.1110_none_60b5254171f9507e;C:\Program Files\Java\jdk-16.0.1\bin\server

VM Arguments:
jvm_args: -Dfile.encoding=UTF-8 --module-path=C:\Users\Thasneem\pharmacy_managment\build\classes 
java_command: edit_delete_drugs
java_class_path (initial): C:\Users\Thasneem\Desktop\mysql-connector-java-6.0.3.jar;C:\Users\Thasneem\pharmacy_managment\build\classes
Launcher Type: SUN_STANDARD

[Global flags]
     intx CICompilerCount                          = 4                                         {product} {ergonomic}
     uint ConcGCThreads                            = 3                                         {product} {ergonomic}
     uint G1ConcRefinementThreads                  = 10                                        {product} {ergonomic}
   size_t G1HeapRegionSize                         = 1048576                                   {product} {ergonomic}
    uintx GCDrainStackTargetSize                   = 64                                        {product} {ergonomic}
   size_t InitialHeapSize                          = 65011712                                  {product} {ergonomic}
   size_t MarkStackSize                            = 4194304                                   {product} {ergonomic}
   size_t MaxHeapSize                              = 1033895936                                {product} {ergonomic}
   size_t MaxNewSize                               = 619708416                                 {product} {ergonomic}
   size_t MinHeapDeltaBytes                        = 1048576                                   {product} {ergonomic}
   size_t MinHeapSize                              = 8388608                                   {product} {ergonomic}
    uintx NonNMethodCodeHeapSize                   = 5839372                                {pd product} {ergonomic}
    uintx NonProfiledCodeHeapSize                  = 122909434                              {pd product} {ergonomic}
    uintx ProfiledCodeHeapSize                     = 122909434                              {pd product} {ergonomic}
    uintx ReservedCodeCacheSize                    = 251658240                              {pd product} {ergonomic}
     bool SegmentedCodeCache                       = true                                      {product} {ergonomic}
   size_t SoftMaxHeapSize                          = 1033895936                             {manageable} {ergonomic}
     bool UseCompressedClassPointers               = true                           {product lp64_product} {ergonomic}
     bool UseCompressedOops                        = true                           {product lp64_product} {ergonomic}
     bool UseG1GC                                  = true                                      {product} {ergonomic}
     bool UseLargePagesIndividualAllocation        = false                                  {pd product} {ergonomic}

Logging:
Log output configuration:
 #0: stdout all=warning uptime,level,tags
 #1: stderr all=off uptime,level,tags

Environment Variables:
PATH=C:\Program Files\Common Files\Oracle\Java\javapath;C:\Program Files\Java\jdk-16.0.1;C:\Program Files\Python39\Scripts\;C:\Program Files\Python39\;C:\Program Files (x86)\Intel\Intel(R) Management Engine Components\iCLS\;C:\Program Files\Intel\Intel(R) Management Engine Components\iCLS\;C:\Windows\system32;C:\Windows;C:\Windows\System32\Wbem;C:\Windows\System32\WindowsPowerShell\v1.0\;C:\Windows\System32\OpenSSH\;C:\Program Files (x86)\NVIDIA Corporation\PhysX\Common;C:\Program Files\NVIDIA Corporation\NVIDIA NvDLISR;C:\Program Files (x86)\Intel\Intel(R) Management Engine Components\DAL;C:\Program Files\Intel\Intel(R) Management Engine Components\DAL;C:\Program Files (x86)\Intel\Intel(R) Management Engine Components\IPT;C:\Program Files\Intel\Intel(R) Management Engine Components\IPT;C:\Program Files\Java\jdk-11.0.1\bin;C:\Program Files\Microsoft SQL Server\Client SDK\ODBC\170\Tools\Binn\;C:\Program Files (x86)\Microsoft SQL Server\150\Tools\Binn\;C:\Program Files\Microsoft SQL Server\150\Tools\Binn\;C:\Program Files\Microsoft SQL Server\150\DTS\Binn\;C:\Program Files (x86)\Microsoft SQL Server\150\DTS\Binn\;C:\Program Files\Azure Data Studio\bin;C:\Users\Thasneem\AppData\Local\Microsoft\WindowsApps;C:\Users\Thasneem\AppData\Local\Programs\Microsoft VS Code\bin;C:\Program Files\Java\jdk-11.0.1\bin;;C:\Program Files\Azure Data Studio\bin
USERNAME=Thasneem
OS=Windows_NT
PROCESSOR_IDENTIFIER=Intel64 Family 6 Model 158 Stepping 10, GenuineIntel



---------------  S Y S T E M  ---------------

OS:
 Windows 10 , 64 bit Build 19041 (10.0.19041.1348)
OS uptime: 0 days 3:49 hours

CPU: total 12 (initial active 12) (6 cores per cpu, 2 threads per core) family 6 model 158 stepping 10 microcode 0xb4, cx8, cmov, fxsr, ht, mmx, 3dnowpref, sse, sse2, sse3, ssse3, sse4.1, sse4.2, popcnt, lzcnt, tsc, tscinvbit, avx, avx2, aes, erms, clmul, bmi1, bmi2, adx, fma, vzeroupper, clflush, clflushopt

Memory: 4k page, system-wide physical 3938M (394M free)
TotalPageFile size 6638M (AvailPageFile size 6M)
current process WorkingSet (physical memory assigned to process): 113M, peak: 115M
current process commit charge ("private bytes"): 184M, peak: 186M

vm_info: Java HotSpot(TM) 64-Bit Server VM (16.0.1+9-24) for windows-amd64 JRE (16.0.1+9-24), built on Mar 26 2021 19:31:42 by "mach5one" with MS VC++ 16.7 (VS2019)

END.
