#
# There is insufficient memory for the Java Runtime Environment to continue.
# Native memory allocation (malloc) failed to allocate 359760 bytes for Chunk::new
# Possible reasons:
#   The system is out of physical RAM or swap space
#   The process is running with CompressedOops enabled, and the Java Heap may be blocking the growth of the native heap
# Possible solutions:
#   Reduce memory load on the system
#   Increase physical memory or swap space
#   Check if swap backing store is full
#   Decrease Java heap size (-Xmx/-Xms)
#   Decrease number of Java threads
#   Decrease Java thread stack sizes (-Xss)
#   Set larger code cache with -XX:ReservedCodeCacheSize=
#   JVM is running with Unscaled Compressed Oops mode in which the Java heap is
#     placed in the first 4GB address space. The Java Heap base address is the
#     maximum limit for the native heap growth. Please use -XX:HeapBaseMinAddress
#     to set the Java Heap base and to place the Java Heap above 4GB virtual address.
# This output file may be truncated or incomplete.
#
#  Out of Memory Error (arena.cpp:195), pid=6032, tid=12116
#
# JRE version: Java(TM) SE Runtime Environment (16.0.1+9) (build 16.0.1+9-24)
# Java VM: Java HotSpot(TM) 64-Bit Server VM (16.0.1+9-24, mixed mode, sharing, tiered, compressed oops, compressed class ptrs, g1 gc, windows-amd64)
# No core dump will be written. Minidumps are not enabled by default on client versions of Windows
#

---------------  S U M M A R Y ------------

Command Line: -Dfile.encoding=UTF-8 --module-path=C:\Users\Thasneem\pharmacy_managment\build\classes drugs_table

Host: Intel(R) Core(TM) i7-8750H CPU @ 2.20GHz, 12 cores, 3G,  Windows 10 , 64 bit Build 19041 (10.0.19041.1348)
Time: Fri Nov 12 22:25:07 2021 Sri Lanka Standard Time elapsed time: 0.584421 seconds (0d 0h 0m 0s)

---------------  T H R E A D  ---------------

Current thread (0x000001f81208a770):  JavaThread "C2 CompilerThread1" daemon [_thread_in_native, id=12116, stack(0x000000a1bfe00000,0x000000a1bff00000)]


Current CompileTask:
C2:    584 1156 % !   4       java.util.concurrent.ConcurrentHashMap::transfer @ 96 (849 bytes)

Stack: [0x000000a1bfe00000,0x000000a1bff00000]
Native frames: (J=compiled Java code, j=interpreted, Vv=VM code, C=native code)
V  [jvm.dll+0x6687ca]
V  [jvm.dll+0x7ca3c9]
V  [jvm.dll+0x7cbb53]
V  [jvm.dll+0x7cc1b3]
V  [jvm.dll+0x242ea5]
V  [jvm.dll+0xadeca]
V  [jvm.dll+0xae5ac]
V  [jvm.dll+0x35af27]
V  [jvm.dll+0x3253d1]
V  [jvm.dll+0x32487a]
V  [jvm.dll+0x215f3c]
V  [jvm.dll+0x215350]
V  [jvm.dll+0x1a1d9b]
V  [jvm.dll+0x2253a8]
V  [jvm.dll+0x2233ec]
V  [jvm.dll+0x780002]
V  [jvm.dll+0x779b4a]
V  [jvm.dll+0x667666]
C  [ucrtbase.dll+0x21bb2]
C  [KERNEL32.DLL+0x17034]
C  [ntdll.dll+0x52651]


---------------  P R O C E S S  ---------------

Threads class SMR info:
_java_thread_list=0x000001f8121303e0, length=18, elements={
0x000001f811358530, 0x000001f81135a140, 0x000001f8113659e0, 0x000001f8113665e0,
0x000001f8113690f0, 0x000001f811369af0, 0x000001f81136c830, 0x000001f811375330,
0x000001f811375d70, 0x000001f81133c0d0, 0x000001f81208a770, 0x000001f812123930,
0x000001f812229420, 0x000001f8122c6420, 0x000001f8122c6940, 0x000001f8122f4320,
0x000001f873639160, 0x000001f8123c9820
}

Java Threads: ( => current thread )
  0x000001f811358530 JavaThread "Reference Handler" daemon [_thread_blocked, id=11476, stack(0x000000a1bf400000,0x000000a1bf500000)]
  0x000001f81135a140 JavaThread "Finalizer" daemon [_thread_blocked, id=512, stack(0x000000a1bf500000,0x000000a1bf600000)]
  0x000001f8113659e0 JavaThread "Signal Dispatcher" daemon [_thread_blocked, id=5304, stack(0x000000a1bf600000,0x000000a1bf700000)]
  0x000001f8113665e0 JavaThread "Attach Listener" daemon [_thread_blocked, id=11848, stack(0x000000a1bf700000,0x000000a1bf800000)]
  0x000001f8113690f0 JavaThread "Service Thread" daemon [_thread_blocked, id=4668, stack(0x000000a1bf800000,0x000000a1bf900000)]
  0x000001f811369af0 JavaThread "Monitor Deflation Thread" daemon [_thread_blocked, id=6916, stack(0x000000a1bf900000,0x000000a1bfa00000)]
  0x000001f81136c830 JavaThread "C2 CompilerThread0" daemon [_thread_blocked, id=11816, stack(0x000000a1bfa00000,0x000000a1bfb00000)]
  0x000001f811375330 JavaThread "C1 CompilerThread0" daemon [_thread_blocked, id=12212, stack(0x000000a1bfb00000,0x000000a1bfc00000)]
  0x000001f811375d70 JavaThread "Sweeper thread" daemon [_thread_blocked, id=12676, stack(0x000000a1bfc00000,0x000000a1bfd00000)]
  0x000001f81133c0d0 JavaThread "Common-Cleaner" daemon [_thread_blocked, id=8632, stack(0x000000a1bfd00000,0x000000a1bfe00000)]
=>0x000001f81208a770 JavaThread "C2 CompilerThread1" daemon [_thread_in_native, id=12116, stack(0x000000a1bfe00000,0x000000a1bff00000)]
  0x000001f812123930 JavaThread "Notification Thread" daemon [_thread_blocked, id=11556, stack(0x000000a1bff00000,0x000000a1c0000000)]
  0x000001f812229420 JavaThread "Java2D Disposer" daemon [_thread_blocked, id=8196, stack(0x000000a1c0100000,0x000000a1c0200000)]
  0x000001f8122c6420 JavaThread "AWT-Shutdown" [_thread_blocked, id=3836, stack(0x000000a1c0200000,0x000000a1c0300000)]
  0x000001f8122c6940 JavaThread "AWT-Windows" daemon [_thread_in_native, id=4988, stack(0x000000a1c0300000,0x000000a1c0400000)]
  0x000001f8122f4320 JavaThread "AWT-EventQueue-0" [_thread_blocked, id=12816, stack(0x000000a1c0400000,0x000000a1c0500000)]
  0x000001f873639160 JavaThread "DestroyJavaVM" [_thread_blocked, id=10076, stack(0x000000a1bed00000,0x000000a1bee00000)]
  0x000001f8123c9820 JavaThread "Abandoned connection cleanup thread" daemon [_thread_blocked, id=6152, stack(0x000000a1c0500000,0x000000a1c0600000)]

Other Threads:
  0x000001f8113539f0 VMThread "VM Thread" [stack: 0x000000a1bf300000,0x000000a1bf400000] [id=500]
  0x000001f87363a1e0 WatcherThread [stack: 0x000000a1c0000000,0x000000a1c0100000] [id=13048]
  0x000001f873668070 GCTaskThread "GC Thread#0" [stack: 0x000000a1bee00000,0x000000a1bef00000] [id=9476]
  0x000001f873671c80 ConcurrentGCThread "G1 Main Marker" [stack: 0x000000a1bef00000,0x000000a1bf000000] [id=2432]
  0x000001f8736742a0 ConcurrentGCThread "G1 Conc#0" [stack: 0x000000a1bf000000,0x000000a1bf100000] [id=2488]
  0x000001f8736f6af0 ConcurrentGCThread "G1 Refine#0" [stack: 0x000000a1bf100000,0x000000a1bf200000] [id=248]
  0x000001f8736f7570 ConcurrentGCThread "G1 Service" [stack: 0x000000a1bf200000,0x000000a1bf300000] [id=7084]

Threads with active compile tasks:
C2 CompilerThread1      871 1156 % !   4       java.util.concurrent.ConcurrentHashMap::transfer @ 96 (849 bytes)

VM state: not at safepoint (normal execution)

VM Mutex/Monitor currently owned by a thread: None

Heap address: 0x00000000c2600000, size: 986 MB, Compressed Oops mode: 32-bit

CDS archive(s) mapped at: [0x0000000800000000-0x0000000800bb0000-0x0000000800bb0000), size 12255232, SharedBaseAddress: 0x0000000800000000, ArchiveRelocationMode: 0.
Compressed class space mapped at: 0x0000000800c00000-0x0000000840c00000, reserved size: 1073741824
Narrow klass base: 0x0000000800000000, Narrow klass shift: 3, Narrow klass range: 0x100000000

GC Precious Log:
 CPUs: 12 total, 12 available
 Memory: 3938M
 Large Page Support: Disabled
 NUMA Support: Disabled
 Compressed Oops: Enabled (32-bit)
 Heap Region Size: 1M
 Heap Min Capacity: 8M
 Heap Initial Capacity: 62M
 Heap Max Capacity: 986M
 Pre-touch: Disabled
 Parallel Workers: 10
 Concurrent Workers: 3
 Concurrent Refinement Workers: 10
 Periodic GC: Disabled

Heap:
 garbage-first heap   total 63488K, used 16384K [0x00000000c2600000, 0x0000000100000000)
  region size 1024K, 16 young (16384K), 0 survivors (0K)
 Metaspace       used 12782K, committed 12992K, reserved 1064960K
  class space    used 1459K, committed 1536K, reserved 1048576K

Heap Regions: E=young(eden), S=young(survivor), O=old, HS=humongous(starts), HC=humongous(continues), CS=collection set, F=free, OA=open archive, CA=closed archive, TAMS=top-at-mark-start (previous, next)
|   0|0x00000000c2600000, 0x00000000c2700000, 0x00000000c2700000|100%|HS|  |TAMS 0x00000000c2600000, 0x00000000c2600000| Complete 
|   1|0x00000000c2700000, 0x00000000c2800000, 0x00000000c2800000|100%|HC|  |TAMS 0x00000000c2700000, 0x00000000c2700000| Complete 
|   2|0x00000000c2800000, 0x00000000c2800000, 0x00000000c2900000|  0%| F|  |TAMS 0x00000000c2800000, 0x00000000c2800000| Untracked 
|   3|0x00000000c2900000, 0x00000000c2900000, 0x00000000c2a00000|  0%| F|  |TAMS 0x00000000c2900000, 0x00000000c2900000| Untracked 
|   4|0x00000000c2a00000, 0x00000000c2a00000, 0x00000000c2b00000|  0%| F|  |TAMS 0x00000000c2a00000, 0x00000000c2a00000| Untracked 
|   5|0x00000000c2b00000, 0x00000000c2b00000, 0x00000000c2c00000|  0%| F|  |TAMS 0x00000000c2b00000, 0x00000000c2b00000| Untracked 
|   6|0x00000000c2c00000, 0x00000000c2c00000, 0x00000000c2d00000|  0%| F|  |TAMS 0x00000000c2c00000, 0x00000000c2c00000| Untracked 
|   7|0x00000000c2d00000, 0x00000000c2d00000, 0x00000000c2e00000|  0%| F|  |TAMS 0x00000000c2d00000, 0x00000000c2d00000| Untracked 
|   8|0x00000000c2e00000, 0x00000000c2e00000, 0x00000000c2f00000|  0%| F|  |TAMS 0x00000000c2e00000, 0x00000000c2e00000| Untracked 
|   9|0x00000000c2f00000, 0x00000000c2f00000, 0x00000000c3000000|  0%| F|  |TAMS 0x00000000c2f00000, 0x00000000c2f00000| Untracked 
|  10|0x00000000c3000000, 0x00000000c3000000, 0x00000000c3100000|  0%| F|  |TAMS 0x00000000c3000000, 0x00000000c3000000| Untracked 
|  11|0x00000000c3100000, 0x00000000c3100000, 0x00000000c3200000|  0%| F|  |TAMS 0x00000000c3100000, 0x00000000c3100000| Untracked 
|  12|0x00000000c3200000, 0x00000000c3200000, 0x00000000c3300000|  0%| F|  |TAMS 0x00000000c3200000, 0x00000000c3200000| Untracked 
|  13|0x00000000c3300000, 0x00000000c3300000, 0x00000000c3400000|  0%| F|  |TAMS 0x00000000c3300000, 0x00000000c3300000| Untracked 
|  14|0x00000000c3400000, 0x00000000c3400000, 0x00000000c3500000|  0%| F|  |TAMS 0x00000000c3400000, 0x00000000c3400000| Untracked 
|  15|0x00000000c3500000, 0x00000000c3500000, 0x00000000c3600000|  0%| F|  |TAMS 0x00000000c3500000, 0x00000000c3500000| Untracked 
|  16|0x00000000c3600000, 0x00000000c3600000, 0x00000000c3700000|  0%| F|  |TAMS 0x00000000c3600000, 0x00000000c3600000| Untracked 
|  17|0x00000000c3700000, 0x00000000c3700000, 0x00000000c3800000|  0%| F|  |TAMS 0x00000000c3700000, 0x00000000c3700000| Untracked 
|  18|0x00000000c3800000, 0x00000000c3800000, 0x00000000c3900000|  0%| F|  |TAMS 0x00000000c3800000, 0x00000000c3800000| Untracked 
|  19|0x00000000c3900000, 0x00000000c3900000, 0x00000000c3a00000|  0%| F|  |TAMS 0x00000000c3900000, 0x00000000c3900000| Untracked 
|  20|0x00000000c3a00000, 0x00000000c3a00000, 0x00000000c3b00000|  0%| F|  |TAMS 0x00000000c3a00000, 0x00000000c3a00000| Untracked 
|  21|0x00000000c3b00000, 0x00000000c3b00000, 0x00000000c3c00000|  0%| F|  |TAMS 0x00000000c3b00000, 0x00000000c3b00000| Untracked 
|  22|0x00000000c3c00000, 0x00000000c3c00000, 0x00000000c3d00000|  0%| F|  |TAMS 0x00000000c3c00000, 0x00000000c3c00000| Untracked 
|  23|0x00000000c3d00000, 0x00000000c3d00000, 0x00000000c3e00000|  0%| F|  |TAMS 0x00000000c3d00000, 0x00000000c3d00000| Untracked 
|  24|0x00000000c3e00000, 0x00000000c3e00000, 0x00000000c3f00000|  0%| F|  |TAMS 0x00000000c3e00000, 0x00000000c3e00000| Untracked 
|  25|0x00000000c3f00000, 0x00000000c3f00000, 0x00000000c4000000|  0%| F|  |TAMS 0x00000000c3f00000, 0x00000000c3f00000| Untracked 
|  26|0x00000000c4000000, 0x00000000c4000000, 0x00000000c4100000|  0%| F|  |TAMS 0x00000000c4000000, 0x00000000c4000000| Untracked 
|  27|0x00000000c4100000, 0x00000000c4100000, 0x00000000c4200000|  0%| F|  |TAMS 0x00000000c4100000, 0x00000000c4100000| Untracked 
|  28|0x00000000c4200000, 0x00000000c4200000, 0x00000000c4300000|  0%| F|  |TAMS 0x00000000c4200000, 0x00000000c4200000| Untracked 
|  29|0x00000000c4300000, 0x00000000c4300000, 0x00000000c4400000|  0%| F|  |TAMS 0x00000000c4300000, 0x00000000c4300000| Untracked 
|  30|0x00000000c4400000, 0x00000000c4400000, 0x00000000c4500000|  0%| F|  |TAMS 0x00000000c4400000, 0x00000000c4400000| Untracked 
|  31|0x00000000c4500000, 0x00000000c4500000, 0x00000000c4600000|  0%| F|  |TAMS 0x00000000c4500000, 0x00000000c4500000| Untracked 
|  32|0x00000000c4600000, 0x00000000c4600000, 0x00000000c4700000|  0%| F|  |TAMS 0x00000000c4600000, 0x00000000c4600000| Untracked 
|  33|0x00000000c4700000, 0x00000000c4700000, 0x00000000c4800000|  0%| F|  |TAMS 0x00000000c4700000, 0x00000000c4700000| Untracked 
|  34|0x00000000c4800000, 0x00000000c4800000, 0x00000000c4900000|  0%| F|  |TAMS 0x00000000c4800000, 0x00000000c4800000| Untracked 
|  35|0x00000000c4900000, 0x00000000c4900000, 0x00000000c4a00000|  0%| F|  |TAMS 0x00000000c4900000, 0x00000000c4900000| Untracked 
|  36|0x00000000c4a00000, 0x00000000c4a00000, 0x00000000c4b00000|  0%| F|  |TAMS 0x00000000c4a00000, 0x00000000c4a00000| Untracked 
|  37|0x00000000c4b00000, 0x00000000c4b00000, 0x00000000c4c00000|  0%| F|  |TAMS 0x00000000c4b00000, 0x00000000c4b00000| Untracked 
|  38|0x00000000c4c00000, 0x00000000c4c00000, 0x00000000c4d00000|  0%| F|  |TAMS 0x00000000c4c00000, 0x00000000c4c00000| Untracked 
|  39|0x00000000c4d00000, 0x00000000c4d00000, 0x00000000c4e00000|  0%| F|  |TAMS 0x00000000c4d00000, 0x00000000c4d00000| Untracked 
|  40|0x00000000c4e00000, 0x00000000c4e00000, 0x00000000c4f00000|  0%| F|  |TAMS 0x00000000c4e00000, 0x00000000c4e00000| Untracked 
|  41|0x00000000c4f00000, 0x00000000c4f00000, 0x00000000c5000000|  0%| F|  |TAMS 0x00000000c4f00000, 0x00000000c4f00000| Untracked 
|  42|0x00000000c5000000, 0x00000000c5000000, 0x00000000c5100000|  0%| F|  |TAMS 0x00000000c5000000, 0x00000000c5000000| Untracked 
|  43|0x00000000c5100000, 0x00000000c5100000, 0x00000000c5200000|  0%| F|  |TAMS 0x00000000c5100000, 0x00000000c5100000| Untracked 
|  44|0x00000000c5200000, 0x00000000c5200000, 0x00000000c5300000|  0%| F|  |TAMS 0x00000000c5200000, 0x00000000c5200000| Untracked 
|  45|0x00000000c5300000, 0x00000000c5300000, 0x00000000c5400000|  0%| F|  |TAMS 0x00000000c5300000, 0x00000000c5300000| Untracked 
|  46|0x00000000c5400000, 0x00000000c5486c50, 0x00000000c5500000| 52%| E|  |TAMS 0x00000000c5400000, 0x00000000c5400000| Complete 
|  47|0x00000000c5500000, 0x00000000c5600000, 0x00000000c5600000|100%| E|CS|TAMS 0x00000000c5500000, 0x00000000c5500000| Complete 
|  48|0x00000000c5600000, 0x00000000c5700000, 0x00000000c5700000|100%| E|CS|TAMS 0x00000000c5600000, 0x00000000c5600000| Complete 
|  49|0x00000000c5700000, 0x00000000c5800000, 0x00000000c5800000|100%| E|CS|TAMS 0x00000000c5700000, 0x00000000c5700000| Complete 
|  50|0x00000000c5800000, 0x00000000c5900000, 0x00000000c5900000|100%| E|CS|TAMS 0x00000000c5800000, 0x00000000c5800000| Complete 
|  51|0x00000000c5900000, 0x00000000c5a00000, 0x00000000c5a00000|100%| E|CS|TAMS 0x00000000c5900000, 0x00000000c5900000| Complete 
|  52|0x00000000c5a00000, 0x00000000c5b00000, 0x00000000c5b00000|100%| E|CS|TAMS 0x00000000c5a00000, 0x00000000c5a00000| Complete 
|  53|0x00000000c5b00000, 0x00000000c5c00000, 0x00000000c5c00000|100%| E|CS|TAMS 0x00000000c5b00000, 0x00000000c5b00000| Complete 
|  54|0x00000000c5c00000, 0x00000000c5d00000, 0x00000000c5d00000|100%| E|CS|TAMS 0x00000000c5c00000, 0x00000000c5c00000| Complete 
|  55|0x00000000c5d00000, 0x00000000c5e00000, 0x00000000c5e00000|100%| E|CS|TAMS 0x00000000c5d00000, 0x00000000c5d00000| Complete 
|  56|0x00000000c5e00000, 0x00000000c5f00000, 0x00000000c5f00000|100%| E|CS|TAMS 0x00000000c5e00000, 0x00000000c5e00000| Complete 
|  57|0x00000000c5f00000, 0x00000000c6000000, 0x00000000c6000000|100%| E|CS|TAMS 0x00000000c5f00000, 0x00000000c5f00000| Complete 
|  58|0x00000000c6000000, 0x00000000c6100000, 0x00000000c6100000|100%| E|CS|TAMS 0x00000000c6000000, 0x00000000c6000000| Complete 
|  59|0x00000000c6100000, 0x00000000c6200000, 0x00000000c6200000|100%| E|CS|TAMS 0x00000000c6100000, 0x00000000c6100000| Complete 
|  60|0x00000000c6200000, 0x00000000c6300000, 0x00000000c6300000|100%| E|  |TAMS 0x00000000c6200000, 0x00000000c6200000| Complete 
|  61|0x00000000c6300000, 0x00000000c6400000, 0x00000000c6400000|100%| E|CS|TAMS 0x00000000c6300000, 0x00000000c6300000| Complete 

Card table byte_map: [0x000001f87d430000,0x000001f87d620000] _byte_map_base: 0x000001f87ce1d000

Marking Bits (Prev, Next): (CMBitMap*) 0x000001f873668760, (CMBitMap*) 0x000001f8736687a0
 Prev Bits: [0x000001f87d810000, 0x000001f87e778000)
 Next Bits: [0x000001f87e780000, 0x000001f87f6e8000)

Polling page: 0x000001f873480000

Metaspace:

Usage:
  Non-class:     11.06 MB used.
      Class:      1.42 MB used.
       Both:     12.48 MB used.

Virtual space:
  Non-class space:       16.00 MB reserved,      11.19 MB ( 70%) committed,  2 nodes.
      Class space:        1.00 GB reserved,       1.50 MB ( <1%) committed,  1 nodes.
              Both:        1.02 GB reserved,      12.69 MB (  1%) committed. 

Chunk freelists:
   Non-Class:  317.00 KB
       Class:  2.52 MB
        Both:  2.83 MB

MaxMetaspaceSize: 17179869184.00 GB
CompressedClassSpaceSize: 1.00 GB
 - commit_granule_bytes: 65536.
 - commit_granule_words: 8192.
 - virtual_space_node_default_size: 1048576.
 - enlarge_chunks_in_place: 1.
 - new_chunks_are_fully_committed: 0.
 - uncommit_free_chunks: 1.
 - use_allocation_guard: 0.
 - handle_deallocations: 1.


Internal statistics:

num_allocs_failed_limit: 0.
num_arena_births: 128.
num_arena_deaths: 0.
num_vsnodes_births: 3.
num_vsnodes_deaths: 0.
num_space_committed: 203.
num_space_uncommitted: 0.
num_chunks_returned_to_freelist: 0.
num_chunks_taken_from_freelist: 271.
num_chunk_merges: 0.
num_chunk_splits: 167.
num_chunks_enlarged: 98.
num_purges: 0.

CodeHeap 'non-profiled nmethods': size=120000Kb used=404Kb max_used=404Kb free=119595Kb
 bounds [0x000001f807ad0000, 0x000001f807d40000, 0x000001f80f000000]
CodeHeap 'profiled nmethods': size=120000Kb used=2049Kb max_used=2049Kb free=117950Kb
 bounds [0x000001f8005a0000, 0x000001f800810000, 0x000001f807ad0000]
CodeHeap 'non-nmethods': size=5760Kb used=1336Kb max_used=1350Kb free=4423Kb
 bounds [0x000001f800000000, 0x000001f800270000, 0x000001f8005a0000]
 total_blobs=1908 nmethods=1234 adapters=587
 compilation: enabled
              stopped_count=0, restarted_count=0
 full_count=0

Compilation events (20 events):
Event: 0.484 Thread 0x000001f811375330 nmethod 1162 0x000001f807b2ac90 code [0x000001f807b2ae20, 0x000001f807b2aef8]
Event: 0.484 Thread 0x000001f811375330 1161       1       com.mysql.cj.mysqla.io.Buffer::getByteBuffer (5 bytes)
Event: 0.484 Thread 0x000001f811375330 nmethod 1161 0x000001f807b2af90 code [0x000001f807b2b120, 0x000001f807b2b1f8]
Event: 0.485 Thread 0x000001f811375330 1163       1       com.mysql.cj.jdbc.AbstractJdbcConnection::getPropertySet (5 bytes)
Event: 0.485 Thread 0x000001f811375330 nmethod 1163 0x000001f807b2b290 code [0x000001f807b2b420, 0x000001f807b2b4f8]
Event: 0.485 Thread 0x000001f811375330 1164   !   3       java.net.URL::<init> (543 bytes)
Event: 0.488 Thread 0x000001f811375330 nmethod 1164 0x000001f800770610 code [0x000001f800770ca0, 0x000001f8007746a8]
Event: 0.488 Thread 0x000001f811375330 1166       3       java.awt.Component::isVisible (5 bytes)
Event: 0.488 Thread 0x000001f811375330 nmethod 1166 0x000001f800776790 code [0x000001f800776920, 0x000001f800776a58]
Event: 0.488 Thread 0x000001f811375330 1168       3       javax.swing.GroupLayout$Group::getSpringSize (62 bytes)
Event: 0.488 Thread 0x000001f811375330 nmethod 1168 0x000001f800776b10 code [0x000001f800776d60, 0x000001f8007778e8]
Event: 0.488 Thread 0x000001f811375330 1167       1       java.awt.Component::isPreferredSizeSet (5 bytes)
Event: 0.489 Thread 0x000001f811375330 nmethod 1167 0x000001f807b2b890 code [0x000001f807b2ba20, 0x000001f807b2baf8]
Event: 0.489 Thread 0x000001f811375330 1169       3       javax.swing.plaf.nimbus.NimbusStyle$CacheKey::hashCode (27 bytes)
Event: 0.489 Thread 0x000001f811375330 nmethod 1169 0x000001f800777b90 code [0x000001f800777d40, 0x000001f800777ea8]
Event: 0.489 Thread 0x000001f811375330 1165       3       java.util.TreeMap::get (19 bytes)
Event: 0.489 Thread 0x000001f811375330 nmethod 1165 0x000001f800777f90 code [0x000001f800778140, 0x000001f800778308]
Event: 0.490 Thread 0x000001f81208a770 nmethod 1147 0x000001f807b2bb90 code [0x000001f807b2bda0, 0x000001f807b2cee0]
Event: 0.490 Thread 0x000001f81208a770 1156 % !   4       java.util.concurrent.ConcurrentHashMap::transfer @ 96 (849 bytes)
Event: 0.505 Thread 0x000001f81136c830 nmethod 1155 0x000001f807b2db10 code [0x000001f807b2dd20, 0x000001f807b2f210]

GC Heap History (0 events):
No events

Deoptimization events (20 events):
Event: 0.318 Thread 0x000001f8122f4320 Uncommon trap: trap_request=0xffffffde fr.pc=0x000001f807ae23c4 relative=0x00000000000001a4
Event: 0.318 Thread 0x000001f8122f4320 Uncommon trap: reason=class_check action=maybe_recompile pc=0x000001f807ae23c4 method=java.lang.String.equals(Ljava/lang/Object;)Z @ 8 c2
Event: 0.318 Thread 0x000001f8122f4320 DEOPT PACKING pc=0x000001f807ae23c4 sp=0x000000a1c04fd520
Event: 0.318 Thread 0x000001f8122f4320 DEOPT UNPACKING pc=0x000001f80004d72e sp=0x000000a1c04fd4c8 mode 2
Event: 0.321 Thread 0x000001f8122f4320 Uncommon trap: trap_request=0xffffffde fr.pc=0x000001f807ae23c4 relative=0x00000000000001a4
Event: 0.321 Thread 0x000001f8122f4320 Uncommon trap: reason=class_check action=maybe_recompile pc=0x000001f807ae23c4 method=java.lang.String.equals(Ljava/lang/Object;)Z @ 8 c2
Event: 0.321 Thread 0x000001f8122f4320 DEOPT PACKING pc=0x000001f807ae23c4 sp=0x000000a1c04fd6f0
Event: 0.321 Thread 0x000001f8122f4320 DEOPT UNPACKING pc=0x000001f80004d72e sp=0x000000a1c04fd698 mode 2
Event: 0.408 Thread 0x000001f8122f4320 Uncommon trap: trap_request=0xffffff45 fr.pc=0x000001f807b0c218 relative=0x0000000000000378
Event: 0.408 Thread 0x000001f8122f4320 Uncommon trap: reason=unstable_if action=reinterpret pc=0x000001f807b0c218 method=java.lang.StringLatin1.newString([BII)Ljava/lang/String; @ 1 c2
Event: 0.408 Thread 0x000001f8122f4320 DEOPT PACKING pc=0x000001f807b0c218 sp=0x000000a1c04fdb30
Event: 0.408 Thread 0x000001f8122f4320 DEOPT UNPACKING pc=0x000001f80004d72e sp=0x000000a1c04fdaf8 mode 2
Event: 0.480 Thread 0x000001f8122f4320 DEOPT PACKING pc=0x000001f8006ed249 sp=0x000000a1c04fdd00
Event: 0.480 Thread 0x000001f8122f4320 DEOPT UNPACKING pc=0x000001f80004dece sp=0x000000a1c04fd1f8 mode 0
Event: 0.481 Thread 0x000001f8122f4320 DEOPT PACKING pc=0x000001f8006ed249 sp=0x000000a1c04fdd00
Event: 0.481 Thread 0x000001f8122f4320 DEOPT UNPACKING pc=0x000001f80004dece sp=0x000000a1c04fd1f8 mode 0
Event: 0.486 Thread 0x000001f8122f4320 Uncommon trap: trap_request=0xffffffde fr.pc=0x000001f807ae23c4 relative=0x00000000000001a4
Event: 0.486 Thread 0x000001f8122f4320 Uncommon trap: reason=class_check action=maybe_recompile pc=0x000001f807ae23c4 method=java.lang.String.equals(Ljava/lang/Object;)Z @ 8 c2
Event: 0.486 Thread 0x000001f8122f4320 DEOPT PACKING pc=0x000001f807ae23c4 sp=0x000000a1c04fd4c0
Event: 0.486 Thread 0x000001f8122f4320 DEOPT UNPACKING pc=0x000001f80004d72e sp=0x000000a1c04fd468 mode 2

Classes unloaded (0 events):
No events

Classes redefined (0 events):
No events

Internal exceptions (20 events):
Event: 0.209 Thread 0x000001f873639160 Exception <a 'java/lang/ClassNotFoundException'{0x00000000c5e0da70}: ToolBar> (0x00000000c5e0da70) 
thrown [t:\workspace\open\src\hotspot\share\classfile\systemDictionary.cpp, line 256]
Event: 0.209 Thread 0x000001f873639160 Exception <a 'java/lang/ClassNotFoundException'{0x00000000c5e0ddd0}: Button> (0x00000000c5e0ddd0) 
thrown [t:\workspace\open\src\hotspot\share\classfile\systemDictionary.cpp, line 256]
Event: 0.209 Thread 0x000001f873639160 Exception <a 'java/lang/ClassNotFoundException'{0x00000000c5e0e298}: ToolBar> (0x00000000c5e0e298) 
thrown [t:\workspace\open\src\hotspot\share\classfile\systemDictionary.cpp, line 256]
Event: 0.209 Thread 0x000001f873639160 Exception <a 'java/lang/ClassNotFoundException'{0x00000000c5e0e608}: ToggleButton> (0x00000000c5e0e608) 
thrown [t:\workspace\open\src\hotspot\share\classfile\systemDictionary.cpp, line 256]
Event: 0.209 Thread 0x000001f873639160 Exception <a 'java/lang/ClassNotFoundException'{0x00000000c5e0ea48}: javax/swing/JToolBarSeparator> (0x00000000c5e0ea48) 
thrown [t:\workspace\open\src\hotspot\share\classfile\systemDictionary.cpp, line 256]
Event: 0.209 Thread 0x000001f873639160 Exception <a 'java/lang/ClassNotFoundException'{0x00000000c5e0ed50}: ToolBarSeparator> (0x00000000c5e0ed50) 
thrown [t:\workspace\open\src\hotspot\share\classfile\systemDictionary.cpp, line 256]
Event: 0.209 Thread 0x000001f873639160 Exception <a 'java/lang/ClassNotFoundException'{0x00000000c5e0f268}: ToolTip> (0x00000000c5e0f268) 
thrown [t:\workspace\open\src\hotspot\share\classfile\systemDictionary.cpp, line 256]
Event: 0.210 Thread 0x000001f873639160 Exception <a 'java/lang/ClassNotFoundException'{0x00000000c5e0fbb8}: Tree> (0x00000000c5e0fbb8) 
thrown [t:\workspace\open\src\hotspot\share\classfile\systemDictionary.cpp, line 256]
Event: 0.210 Thread 0x000001f873639160 Exception <a 'java/lang/ClassNotFoundException'{0x00000000c5e100b0}: Tree> (0x00000000c5e100b0) 
thrown [t:\workspace\open\src\hotspot\share\classfile\systemDictionary.cpp, line 256]
Event: 0.210 Thread 0x000001f873639160 Exception <a 'java/lang/ClassNotFoundException'{0x00000000c5e10420}: javax/swing/JTreeCell> (0x00000000c5e10420) 
thrown [t:\workspace\open\src\hotspot\share\classfile\systemDictionary.cpp, line 256]
Event: 0.210 Thread 0x000001f873639160 Exception <a 'java/lang/ClassNotFoundException'{0x00000000c5e10720}: TreeCell> (0x00000000c5e10720) 
thrown [t:\workspace\open\src\hotspot\share\classfile\systemDictionary.cpp, line 256]
Event: 0.210 Thread 0x000001f873639160 Exception <a 'java/lang/ClassNotFoundException'{0x00000000c5e10ee0}: RootPane> (0x00000000c5e10ee0) 
thrown [t:\workspace\open\src\hotspot\share\classfile\systemDictionary.cpp, line 256]
Event: 0.211 Thread 0x000001f873639160 Exception <a 'java/lang/ClassNotFoundException'{0x00000000c5e13d30}: com/sun/swing/internal/plaf/metal/resources/spi/metalProvider> (0x00000000c5e13d30) 
thrown [t:\workspace\open\src\hotspot\share\classfile\systemDictionary.cpp, line 256]
Event: 0.212 Thread 0x000001f873639160 Exception <a 'java/lang/ClassNotFoundException'{0x00000000c5e17af0}: com/sun/swing/internal/plaf/basic/resources/spi/basicProvider> (0x00000000c5e17af0) 
thrown [t:\workspace\open\src\hotspot\share\classfile\systemDictionary.cpp, line 256]
Event: 0.227 Thread 0x000001f8122f4320 Exception <a 'java/lang/ClassNotFoundException'{0x00000000c5d01240}: com/sun/swing/internal/plaf/synth/resources/spi/synthProvider> (0x00000000c5d01240) 
thrown [t:\workspace\open\src\hotspot\share\classfile\systemDictionary.cpp, line 256]
Event: 0.252 Thread 0x000001f8122c6940 Exception <a 'java/lang/NoSuchMethodError'{0x00000000c60859e0}: 'void java.lang.invoke.DirectMethodHandle$Holder.invokeVirtual(java.lang.Object, java.lang.Object)'> (0x00000000c60859e0) 
thrown [t:\workspace\open\src\hotspot\share\interpreter\linkResolver.cpp, line 790]
Event: 0.261 Thread 0x000001f8122f4320 Exception <a 'java/lang/NoSuchMethodError'{0x00000000c5d7ce38}: 'void java.lang.invoke.DirectMethodHandle$Holder.invokeStaticInit(java.lang.Object)'> (0x00000000c5d7ce38) 
thrown [t:\workspace\open\src\hotspot\share\interpreter\linkResolver.cpp, line 790]
Event: 0.286 Thread 0x000001f8122f4320 Implicit null exception at 0x000001f807af35af to 0x000001f807af362d
Event: 0.338 Thread 0x000001f8122f4320 Exception <a 'java/lang/NoSuchMethodError'{0x00000000c5cbed08}: 'java.lang.Object java.lang.invoke.DirectMethodHandle$Holder.invokeInterface(java.lang.Object, java.lang.Object)'> (0x00000000c5cbed08) 
thrown [t:\workspace\open\src\hotspot\share\interpreter\linkResolver.cpp, line 790]
Event: 0.406 Thread 0x000001f8122f4320 Exception <a 'java/lang/NoSuchMethodError'{0x00000000c59d3dd0}: 'void java.lang.invoke.DirectMethodHandle$Holder.invokeStatic(java.lang.Object, java.lang.Object)'> (0x00000000c59d3dd0) 
thrown [t:\workspace\open\src\hotspot\share\interpreter\linkResolver.cpp, line 790]

Events (20 events):
Event: 0.456 loading class java/time/format/DateTimeParseException
Event: 0.456 loading class java/time/DateTimeException
Event: 0.456 loading class java/time/DateTimeException done
Event: 0.456 loading class java/time/format/DateTimeParseException done
Event: 0.479 loading class java/io/Console
Event: 0.479 loading class java/io/Console done
Event: 0.479 loading class java/io/FilePermission$1
Event: 0.479 loading class jdk/internal/access/JavaIOFilePermissionAccess
Event: 0.479 loading class jdk/internal/access/JavaIOFilePermissionAccess done
Event: 0.479 loading class java/io/FilePermission$1 done
Event: 0.484 loading class java/util/NoSuchElementException
Event: 0.484 loading class java/util/NoSuchElementException done
Event: 0.486 loading class java/awt/SplashScreen
Event: 0.487 loading class java/awt/SplashScreen done
Event: 0.487 loading class java/awt/Dialog
Event: 0.487 loading class java/awt/Dialog done
Event: 0.487 loading class java/awt/Dialog$ModalityType
Event: 0.487 loading class java/awt/Dialog$ModalityType done
Event: 0.493 loading class sun/awt/TimedWindowEvent
Event: 0.493 loading class sun/awt/TimedWindowEvent done


Dynamic libraries:
0x00007ff6e72d0000 - 0x00007ff6e72e0000 	C:\Program Files\Java\jdk-16.0.1\bin\java.exe
0x00007ffc582b0000 - 0x00007ffc584a5000 	C:\Windows\SYSTEM32\ntdll.dll
0x00007ffc569f0000 - 0x00007ffc56aae000 	C:\Windows\System32\KERNEL32.DLL
0x00007ffc55c20000 - 0x00007ffc55ee8000 	C:\Windows\System32\KERNELBASE.dll
0x00007ffc559d0000 - 0x00007ffc55ad0000 	C:\Windows\System32\ucrtbase.dll
0x00007ffc52790000 - 0x00007ffc527a8000 	C:\Program Files\Java\jdk-16.0.1\bin\jli.dll
0x00007ffc1ad60000 - 0x00007ffc1ad79000 	C:\Program Files\Java\jdk-16.0.1\bin\VCRUNTIME140.dll
0x00007ffc57440000 - 0x00007ffc574ec000 	C:\Windows\System32\ADVAPI32.dll
0x00007ffc564a0000 - 0x00007ffc5653e000 	C:\Windows\System32\msvcrt.dll
0x00007ffc573a0000 - 0x00007ffc5743b000 	C:\Windows\System32\sechost.dll
0x00007ffc57ed0000 - 0x00007ffc57ffa000 	C:\Windows\System32\RPCRT4.dll
0x00007ffc57bf0000 - 0x00007ffc57d91000 	C:\Windows\System32\USER32.dll
0x00007ffc55ef0000 - 0x00007ffc55f12000 	C:\Windows\System32\win32u.dll
0x00007ffc3ea40000 - 0x00007ffc3ecda000 	C:\Windows\WinSxS\amd64_microsoft.windows.common-controls_6595b64144ccf1df_6.0.19041.1110_none_60b5254171f9507e\COMCTL32.dll
0x00007ffc58120000 - 0x00007ffc5814b000 	C:\Windows\System32\GDI32.dll
0x00007ffc56080000 - 0x00007ffc5618b000 	C:\Windows\System32\gdi32full.dll
0x00007ffc55ad0000 - 0x00007ffc55b6d000 	C:\Windows\System32\msvcp_win.dll
0x00007ffc4e6c0000 - 0x00007ffc4e6ca000 	C:\Windows\SYSTEM32\VERSION.dll
0x00007ffc576d0000 - 0x00007ffc57700000 	C:\Windows\System32\IMM32.DLL
0x00007ffc29eb0000 - 0x00007ffc29ebc000 	C:\Program Files\Java\jdk-16.0.1\bin\vcruntime140_1.dll
0x00007ffc00e60000 - 0x00007ffc00ef1000 	C:\Program Files\Java\jdk-16.0.1\bin\msvcp140.dll
0x00007ffc011f0000 - 0x00007ffc01d9b000 	C:\Program Files\Java\jdk-16.0.1\bin\server\jvm.dll
0x00007ffc568a0000 - 0x00007ffc568a8000 	C:\Windows\System32\PSAPI.DLL
0x00007ffc2a8c0000 - 0x00007ffc2a8c9000 	C:\Windows\SYSTEM32\WSOCK32.dll
0x00007ffc42d80000 - 0x00007ffc42da7000 	C:\Windows\SYSTEM32\WINMM.dll
0x00007ffc580b0000 - 0x00007ffc5811b000 	C:\Windows\System32\WS2_32.dll
0x00007ffc538d0000 - 0x00007ffc538e2000 	C:\Windows\SYSTEM32\kernel.appcore.dll
0x00007ffc29990000 - 0x00007ffc2999a000 	C:\Program Files\Java\jdk-16.0.1\bin\jimage.dll
0x00007ffc42b90000 - 0x00007ffc42d74000 	C:\Windows\SYSTEM32\DBGHELP.DLL
0x00007ffc42b60000 - 0x00007ffc42b8c000 	C:\Windows\SYSTEM32\dbgcore.DLL
0x00007ffc561c0000 - 0x00007ffc56243000 	C:\Windows\System32\bcryptPrimitives.dll
0x00007ffc17e30000 - 0x00007ffc17e55000 	C:\Program Files\Java\jdk-16.0.1\bin\java.dll
0x00007ffc56c60000 - 0x00007ffc5739f000 	C:\Windows\System32\SHELL32.dll
0x00007ffc53ad0000 - 0x00007ffc54260000 	C:\Windows\SYSTEM32\windows.storage.dll
0x00007ffc56540000 - 0x00007ffc56895000 	C:\Windows\System32\combase.dll
0x00007ffc55420000 - 0x00007ffc5544e000 	C:\Windows\SYSTEM32\Wldp.dll
0x00007ffc574f0000 - 0x00007ffc5759d000 	C:\Windows\System32\SHCORE.dll
0x00007ffc56310000 - 0x00007ffc56365000 	C:\Windows\System32\shlwapi.dll
0x00007ffc55910000 - 0x00007ffc5592f000 	C:\Windows\SYSTEM32\profapi.dll
0x00007ffc0c7f0000 - 0x00007ffc0c809000 	C:\Program Files\Java\jdk-16.0.1\bin\net.dll
0x00007ffc46190000 - 0x00007ffc4629c000 	C:\Windows\SYSTEM32\WINHTTP.dll
0x00007ffc55180000 - 0x00007ffc551ea000 	C:\Windows\system32\mswsock.dll
0x00007ffc05660000 - 0x00007ffc05673000 	C:\Program Files\Java\jdk-16.0.1\bin\nio.dll
0x00007ffc02170000 - 0x00007ffc02188000 	C:\Program Files\Java\jdk-16.0.1\bin\zip.dll
0x00007ffc00f00000 - 0x00007ffc01080000 	C:\Program Files\Java\jdk-16.0.1\bin\awt.dll
0x00007ffc56370000 - 0x00007ffc5643d000 	C:\Windows\System32\OLEAUT32.dll
0x00007ffc52160000 - 0x00007ffc521f0000 	C:\Windows\SYSTEM32\apphelp.dll
0x00007ffc53370000 - 0x00007ffc5340e000 	C:\Windows\system32\uxtheme.dll
0x00007ffc58150000 - 0x00007ffc58265000 	C:\Windows\System32\MSCTF.dll
0x00007ffc575a0000 - 0x00007ffc576ca000 	C:\Windows\System32\ole32.dll
0x00007ffc535e0000 - 0x00007ffc5360f000 	C:\Windows\system32\DWMAPI.DLL
0x00007ffc00dd0000 - 0x00007ffc00e59000 	C:\Program Files\Java\jdk-16.0.1\bin\freetype.dll
0x00007ffc00cd0000 - 0x00007ffc00dc6000 	C:\Program Files\Java\jdk-16.0.1\bin\harfbuzz.dll
0x00007ffc01100000 - 0x00007ffc01112000 	C:\Program Files\Java\jdk-16.0.1\bin\fontmanager.dll
0x00007ffc2a010000 - 0x00007ffc2a135000 	C:\Windows\system32\opengl32.dll
0x00007ffc46080000 - 0x00007ffc460ac000 	C:\Windows\SYSTEM32\GLU32.dll
0x00007ffc54e60000 - 0x00007ffc54f2b000 	C:\Windows\SYSTEM32\DNSAPI.dll
0x00007ffc54e20000 - 0x00007ffc54e5b000 	C:\Windows\SYSTEM32\IPHLPAPI.DLL
0x00007ffc57760000 - 0x00007ffc57768000 	C:\Windows\System32\NSI.dll
0x00007ffc4cac0000 - 0x00007ffc4caca000 	C:\Windows\System32\rasadhlp.dll
0x00007ffc49c70000 - 0x00007ffc49cef000 	C:\Windows\System32\fwpuclnt.dll
0x00007ffc56190000 - 0x00007ffc561b7000 	C:\Windows\System32\bcrypt.dll
0x00007ffc423f0000 - 0x00007ffc424e9000 	C:\Windows\SYSTEM32\textinputframework.dll
0x00007ffc51a30000 - 0x00007ffc51d8e000 	C:\Windows\System32\CoreUIComponents.dll
0x00007ffc51d90000 - 0x00007ffc51e82000 	C:\Windows\System32\CoreMessaging.dll
0x00007ffc546c0000 - 0x00007ffc546f3000 	C:\Windows\SYSTEM32\ntmarta.dll
0x00007ffc52b60000 - 0x00007ffc52cb4000 	C:\Windows\SYSTEM32\wintypes.dll

dbghelp: loaded successfully - version: 4.0.5 - missing functions: none
symbol engine: initialized successfully - sym options: 0x614 - pdb path: .;C:\Program Files\Java\jdk-16.0.1\bin;C:\Windows\SYSTEM32;C:\Windows\WinSxS\amd64_microsoft.windows.common-controls_6595b64144ccf1df_6.0.19041.1110_none_60b5254171f9507e;C:\Program Files\Java\jdk-16.0.1\bin\server

VM Arguments:
jvm_args: -Dfile.encoding=UTF-8 --module-path=C:\Users\Thasneem\pharmacy_managment\build\classes 
java_command: drugs_table
java_class_path (initial): C:\Users\Thasneem\Desktop\mysql-connector-java-6.0.3.jar;C:\Users\Thasneem\pharmacy_managment\build\classes
Launcher Type: SUN_STANDARD

[Global flags]
     intx CICompilerCount                          = 4                                         {product} {ergonomic}
     uint ConcGCThreads                            = 3                                         {product} {ergonomic}
     uint G1ConcRefinementThreads                  = 10                                        {product} {ergonomic}
   size_t G1HeapRegionSize                         = 1048576                                   {product} {ergonomic}
    uintx GCDrainStackTargetSize                   = 64                                        {product} {ergonomic}
   size_t InitialHeapSize                          = 65011712                                  {product} {ergonomic}
   size_t MarkStackSize                            = 4194304                                   {product} {ergonomic}
   size_t MaxHeapSize                              = 1033895936                                {product} {ergonomic}
   size_t MaxNewSize                               = 619708416                                 {product} {ergonomic}
   size_t MinHeapDeltaBytes                        = 1048576                                   {product} {ergonomic}
   size_t MinHeapSize                              = 8388608                                   {product} {ergonomic}
    uintx NonNMethodCodeHeapSize                   = 5839372                                {pd product} {ergonomic}
    uintx NonProfiledCodeHeapSize                  = 122909434                              {pd product} {ergonomic}
    uintx ProfiledCodeHeapSize                     = 122909434                              {pd product} {ergonomic}
    uintx ReservedCodeCacheSize                    = 251658240                              {pd product} {ergonomic}
     bool SegmentedCodeCache                       = true                                      {product} {ergonomic}
   size_t SoftMaxHeapSize                          = 1033895936                             {manageable} {ergonomic}
     bool UseCompressedClassPointers               = true                           {product lp64_product} {ergonomic}
     bool UseCompressedOops                        = true                           {product lp64_product} {ergonomic}
     bool UseG1GC                                  = true                                      {product} {ergonomic}
     bool UseLargePagesIndividualAllocation        = false                                  {pd product} {ergonomic}

Logging:
Log output configuration:
 #0: stdout all=warning uptime,level,tags
 #1: stderr all=off uptime,level,tags

Environment Variables:
PATH=C:\Program Files\Common Files\Oracle\Java\javapath;C:\Program Files\Java\jdk-16.0.1;C:\Program Files\Python39\Scripts\;C:\Program Files\Python39\;C:\Program Files (x86)\Intel\Intel(R) Management Engine Components\iCLS\;C:\Program Files\Intel\Intel(R) Management Engine Components\iCLS\;C:\Windows\system32;C:\Windows;C:\Windows\System32\Wbem;C:\Windows\System32\WindowsPowerShell\v1.0\;C:\Windows\System32\OpenSSH\;C:\Program Files (x86)\NVIDIA Corporation\PhysX\Common;C:\Program Files\NVIDIA Corporation\NVIDIA NvDLISR;C:\Program Files (x86)\Intel\Intel(R) Management Engine Components\DAL;C:\Program Files\Intel\Intel(R) Management Engine Components\DAL;C:\Program Files (x86)\Intel\Intel(R) Management Engine Components\IPT;C:\Program Files\Intel\Intel(R) Management Engine Components\IPT;C:\Program Files\Java\jdk-11.0.1\bin;C:\Program Files\Microsoft SQL Server\Client SDK\ODBC\170\Tools\Binn\;C:\Program Files (x86)\Microsoft SQL Server\150\Tools\Binn\;C:\Program Files\Microsoft SQL Server\150\Tools\Binn\;C:\Program Files\Microsoft SQL Server\150\DTS\Binn\;C:\Program Files (x86)\Microsoft SQL Server\150\DTS\Binn\;C:\Program Files\Azure Data Studio\bin;C:\Users\Thasneem\AppData\Local\Microsoft\WindowsApps;C:\Users\Thasneem\AppData\Local\Programs\Microsoft VS Code\bin;C:\Program Files\Java\jdk-11.0.1\bin;;C:\Program Files\Azure Data Studio\bin
USERNAME=Thasneem
OS=Windows_NT
PROCESSOR_IDENTIFIER=Intel64 Family 6 Model 158 Stepping 10, GenuineIntel



---------------  S Y S T E M  ---------------

OS:
 Windows 10 , 64 bit Build 19041 (10.0.19041.1348)
OS uptime: 0 days 3:21 hours

CPU: total 12 (initial active 12) (6 cores per cpu, 2 threads per core) family 6 model 158 stepping 10 microcode 0xb4, cx8, cmov, fxsr, ht, mmx, 3dnowpref, sse, sse2, sse3, ssse3, sse4.1, sse4.2, popcnt, lzcnt, tsc, tscinvbit, avx, avx2, aes, erms, clmul, bmi1, bmi2, adx, fma, vzeroupper, clflush, clflushopt

Memory: 4k page, system-wide physical 3938M (679M free)
TotalPageFile size 6638M (AvailPageFile size 3M)
current process WorkingSet (physical memory assigned to process): 79M, peak: 79M
current process commit charge ("private bytes"): 168M, peak: 169M

vm_info: Java HotSpot(TM) 64-Bit Server VM (16.0.1+9-24) for windows-amd64 JRE (16.0.1+9-24), built on Mar 26 2021 19:31:42 by "mach5one" with MS VC++ 16.7 (VS2019)

END.
