#
# There is insufficient memory for the Java Runtime Environment to continue.
# Native memory allocation (malloc) failed to allocate 82016 bytes for Chunk::new
# Possible reasons:
#   The system is out of physical RAM or swap space
#   The process is running with CompressedOops enabled, and the Java Heap may be blocking the growth of the native heap
# Possible solutions:
#   Reduce memory load on the system
#   Increase physical memory or swap space
#   Check if swap backing store is full
#   Decrease Java heap size (-Xmx/-Xms)
#   Decrease number of Java threads
#   Decrease Java thread stack sizes (-Xss)
#   Set larger code cache with -XX:ReservedCodeCacheSize=
#   JVM is running with Unscaled Compressed Oops mode in which the Java heap is
#     placed in the first 4GB address space. The Java Heap base address is the
#     maximum limit for the native heap growth. Please use -XX:HeapBaseMinAddress
#     to set the Java Heap base and to place the Java Heap above 4GB virtual address.
# This output file may be truncated or incomplete.
#
#  Out of Memory Error (arena.cpp:195), pid=14076, tid=13232
#
# JRE version: Java(TM) SE Runtime Environment (16.0.1+9) (build 16.0.1+9-24)
# Java VM: Java HotSpot(TM) 64-Bit Server VM (16.0.1+9-24, mixed mode, tiered, compressed oops, compressed class ptrs, g1 gc, windows-amd64)
# No core dump will be written. Minidumps are not enabled by default on client versions of Windows
#

---------------  S U M M A R Y ------------

Command Line: -Dfile.encoding=UTF-8 --module-path=C:\Users\Thasneem\pharmacy_managment\build\classes main_class

Host: Intel(R) Core(TM) i7-8750H CPU @ 2.20GHz, 12 cores, 3G,  Windows 10 , 64 bit Build 19041 (10.0.19041.1202)
Time: Mon Oct 25 14:04:17 2021 Sri Lanka Standard Time elapsed time: 0.748078 seconds (0d 0h 0m 0s)

---------------  T H R E A D  ---------------

Current thread (0x000002852f6ae330):  JavaThread "main" [_thread_in_vm, id=13232, stack(0x000000e680200000,0x000000e680300000)]

Stack: [0x000000e680200000,0x000000e680300000]
Native frames: (J=compiled Java code, j=interpreted, Vv=VM code, C=native code)
V  [jvm.dll+0x6687ca]
V  [jvm.dll+0x7ca3c9]
V  [jvm.dll+0x7cbb53]
V  [jvm.dll+0x7cc1b3]
V  [jvm.dll+0x242ea5]
V  [jvm.dll+0xadeca]
V  [jvm.dll+0xae5ac]
V  [jvm.dll+0x1f20af]
V  [jvm.dll+0x1f0ea3]
V  [jvm.dll+0x741e03]
V  [jvm.dll+0x7436a8]
V  [jvm.dll+0x7439d3]
V  [jvm.dll+0x23ad74]
V  [jvm.dll+0x375b71]
C  0x0000028536e4c20e

Java frames: (J=compiled Java code, j=interpreted, Vv=VM code)
j  jdk.internal.module.SystemModulesMap.allSystemModules()Ljdk/internal/module/SystemModules;+0 java.base
j  jdk.internal.module.SystemModuleFinders.allSystemModules()Ljdk/internal/module/SystemModules;+6 java.base
j  jdk.internal.module.ModuleBootstrap.boot2()Ljava/lang/ModuleLayer;+240 java.base
j  jdk.internal.module.ModuleBootstrap.boot()Ljava/lang/ModuleLayer;+64 java.base
j  java.lang.System.initPhase2(ZZ)I+0 java.base
v  ~StubRoutines::call_stub

---------------  P R O C E S S  ---------------

Threads class SMR info:
_java_thread_list=0x000002858c1c2b60, length=10, elements={
0x000002852f6ae330, 0x000002858c1b4250, 0x000002858c1b5020, 0x000002858c1e7290,
0x000002858c1e7ba0, 0x000002858c1ea4c0, 0x000002858c1eadd0, 0x000002858c1eca00,
0x000002858c1ef410, 0x000002858c1efd60
}

Java Threads: ( => current thread )
=>0x000002852f6ae330 JavaThread "main" [_thread_in_vm, id=13232, stack(0x000000e680200000,0x000000e680300000)]
  0x000002858c1b4250 JavaThread "Reference Handler" daemon [_thread_blocked, id=12728, stack(0x000000e680900000,0x000000e680a00000)]
  0x000002858c1b5020 JavaThread "Finalizer" daemon [_thread_blocked, id=11236, stack(0x000000e680a00000,0x000000e680b00000)]
  0x000002858c1e7290 JavaThread "Signal Dispatcher" daemon [_thread_blocked, id=10608, stack(0x000000e680b00000,0x000000e680c00000)]
  0x000002858c1e7ba0 JavaThread "Attach Listener" daemon [_thread_blocked, id=1444, stack(0x000000e680c00000,0x000000e680d00000)]
  0x000002858c1ea4c0 JavaThread "Service Thread" daemon [_thread_blocked, id=12584, stack(0x000000e680d00000,0x000000e680e00000)]
  0x000002858c1eadd0 JavaThread "Monitor Deflation Thread" daemon [_thread_blocked, id=7820, stack(0x000000e680e00000,0x000000e680f00000)]
  0x000002858c1eca00 JavaThread "C2 CompilerThread0" daemon [_thread_blocked, id=5624, stack(0x000000e680f00000,0x000000e681000000)]
  0x000002858c1ef410 JavaThread "C1 CompilerThread0" daemon [_thread_blocked, id=13008, stack(0x000000e681000000,0x000000e681100000)]
  0x000002858c1efd60 JavaThread "Sweeper thread" daemon [_thread_blocked, id=12764, stack(0x000000e681100000,0x000000e681200000)]

Other Threads:
  0x000002858c19f410 VMThread "VM Thread" [stack: 0x000000e680800000,0x000000e680900000] [id=13980]
  0x000002852f6df160 GCTaskThread "GC Thread#0" [stack: 0x000000e680300000,0x000000e680400000] [id=13336]
  0x000002852f6ea110 ConcurrentGCThread "G1 Main Marker" [stack: 0x000000e680400000,0x000000e680500000] [id=12724]
  0x000002852f6eabe0 ConcurrentGCThread "G1 Conc#0" [stack: 0x000000e680500000,0x000000e680600000] [id=13788]
  0x000002852f770920 ConcurrentGCThread "G1 Refine#0" [stack: 0x000000e680600000,0x000000e680700000] [id=2392]
  0x000002852f7711b0 ConcurrentGCThread "G1 Service" [stack: 0x000000e680700000,0x000000e680800000] [id=14012]

Threads with active compile tasks:

VM state: not at safepoint (normal execution)

VM Mutex/Monitor currently owned by a thread: None

Heap address: 0x00000000c2600000, size: 986 MB, Compressed Oops mode: 32-bit

CDS disabled.
Compressed class space mapped at: 0x0000000100000000-0x0000000140000000, reserved size: 1073741824
Narrow klass base: 0x0000000000000000, Narrow klass shift: 3, Narrow klass range: 0x140000000

GC Precious Log:
 CPUs: 12 total, 12 available
 Memory: 3938M
 Large Page Support: Disabled
 NUMA Support: Disabled
 Compressed Oops: Enabled (32-bit)
 Heap Region Size: 1M
 Heap Min Capacity: 8M
 Heap Initial Capacity: 62M
 Heap Max Capacity: 986M
 Pre-touch: Disabled
 Parallel Workers: 10
 Concurrent Workers: 3
 Concurrent Refinement Workers: 10
 Periodic GC: Disabled

Heap:
 garbage-first heap   total 63488K, used 0K [0x00000000c2600000, 0x0000000100000000)
  region size 1024K, 1 young (1024K), 0 survivors (0K)
 Metaspace       used 3119K, committed 3200K, reserved 1056768K
  class space    used 234K, committed 256K, reserved 1048576K

Heap Regions: E=young(eden), S=young(survivor), O=old, HS=humongous(starts), HC=humongous(continues), CS=collection set, F=free, OA=open archive, CA=closed archive, TAMS=top-at-mark-start (previous, next)
|   0|0x00000000c2600000, 0x00000000c2600000, 0x00000000c2700000|  0%| F|  |TAMS 0x00000000c2600000, 0x00000000c2600000| Untracked 
|   1|0x00000000c2700000, 0x00000000c2700000, 0x00000000c2800000|  0%| F|  |TAMS 0x00000000c2700000, 0x00000000c2700000| Untracked 
|   2|0x00000000c2800000, 0x00000000c2800000, 0x00000000c2900000|  0%| F|  |TAMS 0x00000000c2800000, 0x00000000c2800000| Untracked 
|   3|0x00000000c2900000, 0x00000000c2900000, 0x00000000c2a00000|  0%| F|  |TAMS 0x00000000c2900000, 0x00000000c2900000| Untracked 
|   4|0x00000000c2a00000, 0x00000000c2a00000, 0x00000000c2b00000|  0%| F|  |TAMS 0x00000000c2a00000, 0x00000000c2a00000| Untracked 
|   5|0x00000000c2b00000, 0x00000000c2b00000, 0x00000000c2c00000|  0%| F|  |TAMS 0x00000000c2b00000, 0x00000000c2b00000| Untracked 
|   6|0x00000000c2c00000, 0x00000000c2c00000, 0x00000000c2d00000|  0%| F|  |TAMS 0x00000000c2c00000, 0x00000000c2c00000| Untracked 
|   7|0x00000000c2d00000, 0x00000000c2d00000, 0x00000000c2e00000|  0%| F|  |TAMS 0x00000000c2d00000, 0x00000000c2d00000| Untracked 
|   8|0x00000000c2e00000, 0x00000000c2e00000, 0x00000000c2f00000|  0%| F|  |TAMS 0x00000000c2e00000, 0x00000000c2e00000| Untracked 
|   9|0x00000000c2f00000, 0x00000000c2f00000, 0x00000000c3000000|  0%| F|  |TAMS 0x00000000c2f00000, 0x00000000c2f00000| Untracked 
|  10|0x00000000c3000000, 0x00000000c3000000, 0x00000000c3100000|  0%| F|  |TAMS 0x00000000c3000000, 0x00000000c3000000| Untracked 
|  11|0x00000000c3100000, 0x00000000c3100000, 0x00000000c3200000|  0%| F|  |TAMS 0x00000000c3100000, 0x00000000c3100000| Untracked 
|  12|0x00000000c3200000, 0x00000000c3200000, 0x00000000c3300000|  0%| F|  |TAMS 0x00000000c3200000, 0x00000000c3200000| Untracked 
|  13|0x00000000c3300000, 0x00000000c3300000, 0x00000000c3400000|  0%| F|  |TAMS 0x00000000c3300000, 0x00000000c3300000| Untracked 
|  14|0x00000000c3400000, 0x00000000c3400000, 0x00000000c3500000|  0%| F|  |TAMS 0x00000000c3400000, 0x00000000c3400000| Untracked 
|  15|0x00000000c3500000, 0x00000000c3500000, 0x00000000c3600000|  0%| F|  |TAMS 0x00000000c3500000, 0x00000000c3500000| Untracked 
|  16|0x00000000c3600000, 0x00000000c3600000, 0x00000000c3700000|  0%| F|  |TAMS 0x00000000c3600000, 0x00000000c3600000| Untracked 
|  17|0x00000000c3700000, 0x00000000c3700000, 0x00000000c3800000|  0%| F|  |TAMS 0x00000000c3700000, 0x00000000c3700000| Untracked 
|  18|0x00000000c3800000, 0x00000000c3800000, 0x00000000c3900000|  0%| F|  |TAMS 0x00000000c3800000, 0x00000000c3800000| Untracked 
|  19|0x00000000c3900000, 0x00000000c3900000, 0x00000000c3a00000|  0%| F|  |TAMS 0x00000000c3900000, 0x00000000c3900000| Untracked 
|  20|0x00000000c3a00000, 0x00000000c3a00000, 0x00000000c3b00000|  0%| F|  |TAMS 0x00000000c3a00000, 0x00000000c3a00000| Untracked 
|  21|0x00000000c3b00000, 0x00000000c3b00000, 0x00000000c3c00000|  0%| F|  |TAMS 0x00000000c3b00000, 0x00000000c3b00000| Untracked 
|  22|0x00000000c3c00000, 0x00000000c3c00000, 0x00000000c3d00000|  0%| F|  |TAMS 0x00000000c3c00000, 0x00000000c3c00000| Untracked 
|  23|0x00000000c3d00000, 0x00000000c3d00000, 0x00000000c3e00000|  0%| F|  |TAMS 0x00000000c3d00000, 0x00000000c3d00000| Untracked 
|  24|0x00000000c3e00000, 0x00000000c3e00000, 0x00000000c3f00000|  0%| F|  |TAMS 0x00000000c3e00000, 0x00000000c3e00000| Untracked 
|  25|0x00000000c3f00000, 0x00000000c3f00000, 0x00000000c4000000|  0%| F|  |TAMS 0x00000000c3f00000, 0x00000000c3f00000| Untracked 
|  26|0x00000000c4000000, 0x00000000c4000000, 0x00000000c4100000|  0%| F|  |TAMS 0x00000000c4000000, 0x00000000c4000000| Untracked 
|  27|0x00000000c4100000, 0x00000000c4100000, 0x00000000c4200000|  0%| F|  |TAMS 0x00000000c4100000, 0x00000000c4100000| Untracked 
|  28|0x00000000c4200000, 0x00000000c4200000, 0x00000000c4300000|  0%| F|  |TAMS 0x00000000c4200000, 0x00000000c4200000| Untracked 
|  29|0x00000000c4300000, 0x00000000c4300000, 0x00000000c4400000|  0%| F|  |TAMS 0x00000000c4300000, 0x00000000c4300000| Untracked 
|  30|0x00000000c4400000, 0x00000000c4400000, 0x00000000c4500000|  0%| F|  |TAMS 0x00000000c4400000, 0x00000000c4400000| Untracked 
|  31|0x00000000c4500000, 0x00000000c4500000, 0x00000000c4600000|  0%| F|  |TAMS 0x00000000c4500000, 0x00000000c4500000| Untracked 
|  32|0x00000000c4600000, 0x00000000c4600000, 0x00000000c4700000|  0%| F|  |TAMS 0x00000000c4600000, 0x00000000c4600000| Untracked 
|  33|0x00000000c4700000, 0x00000000c4700000, 0x00000000c4800000|  0%| F|  |TAMS 0x00000000c4700000, 0x00000000c4700000| Untracked 
|  34|0x00000000c4800000, 0x00000000c4800000, 0x00000000c4900000|  0%| F|  |TAMS 0x00000000c4800000, 0x00000000c4800000| Untracked 
|  35|0x00000000c4900000, 0x00000000c4900000, 0x00000000c4a00000|  0%| F|  |TAMS 0x00000000c4900000, 0x00000000c4900000| Untracked 
|  36|0x00000000c4a00000, 0x00000000c4a00000, 0x00000000c4b00000|  0%| F|  |TAMS 0x00000000c4a00000, 0x00000000c4a00000| Untracked 
|  37|0x00000000c4b00000, 0x00000000c4b00000, 0x00000000c4c00000|  0%| F|  |TAMS 0x00000000c4b00000, 0x00000000c4b00000| Untracked 
|  38|0x00000000c4c00000, 0x00000000c4c00000, 0x00000000c4d00000|  0%| F|  |TAMS 0x00000000c4c00000, 0x00000000c4c00000| Untracked 
|  39|0x00000000c4d00000, 0x00000000c4d00000, 0x00000000c4e00000|  0%| F|  |TAMS 0x00000000c4d00000, 0x00000000c4d00000| Untracked 
|  40|0x00000000c4e00000, 0x00000000c4e00000, 0x00000000c4f00000|  0%| F|  |TAMS 0x00000000c4e00000, 0x00000000c4e00000| Untracked 
|  41|0x00000000c4f00000, 0x00000000c4f00000, 0x00000000c5000000|  0%| F|  |TAMS 0x00000000c4f00000, 0x00000000c4f00000| Untracked 
|  42|0x00000000c5000000, 0x00000000c5000000, 0x00000000c5100000|  0%| F|  |TAMS 0x00000000c5000000, 0x00000000c5000000| Untracked 
|  43|0x00000000c5100000, 0x00000000c5100000, 0x00000000c5200000|  0%| F|  |TAMS 0x00000000c5100000, 0x00000000c5100000| Untracked 
|  44|0x00000000c5200000, 0x00000000c5200000, 0x00000000c5300000|  0%| F|  |TAMS 0x00000000c5200000, 0x00000000c5200000| Untracked 
|  45|0x00000000c5300000, 0x00000000c5300000, 0x00000000c5400000|  0%| F|  |TAMS 0x00000000c5300000, 0x00000000c5300000| Untracked 
|  46|0x00000000c5400000, 0x00000000c5400000, 0x00000000c5500000|  0%| F|  |TAMS 0x00000000c5400000, 0x00000000c5400000| Untracked 
|  47|0x00000000c5500000, 0x00000000c5500000, 0x00000000c5600000|  0%| F|  |TAMS 0x00000000c5500000, 0x00000000c5500000| Untracked 
|  48|0x00000000c5600000, 0x00000000c5600000, 0x00000000c5700000|  0%| F|  |TAMS 0x00000000c5600000, 0x00000000c5600000| Untracked 
|  49|0x00000000c5700000, 0x00000000c5700000, 0x00000000c5800000|  0%| F|  |TAMS 0x00000000c5700000, 0x00000000c5700000| Untracked 
|  50|0x00000000c5800000, 0x00000000c5800000, 0x00000000c5900000|  0%| F|  |TAMS 0x00000000c5800000, 0x00000000c5800000| Untracked 
|  51|0x00000000c5900000, 0x00000000c5900000, 0x00000000c5a00000|  0%| F|  |TAMS 0x00000000c5900000, 0x00000000c5900000| Untracked 
|  52|0x00000000c5a00000, 0x00000000c5a00000, 0x00000000c5b00000|  0%| F|  |TAMS 0x00000000c5a00000, 0x00000000c5a00000| Untracked 
|  53|0x00000000c5b00000, 0x00000000c5b00000, 0x00000000c5c00000|  0%| F|  |TAMS 0x00000000c5b00000, 0x00000000c5b00000| Untracked 
|  54|0x00000000c5c00000, 0x00000000c5c00000, 0x00000000c5d00000|  0%| F|  |TAMS 0x00000000c5c00000, 0x00000000c5c00000| Untracked 
|  55|0x00000000c5d00000, 0x00000000c5d00000, 0x00000000c5e00000|  0%| F|  |TAMS 0x00000000c5d00000, 0x00000000c5d00000| Untracked 
|  56|0x00000000c5e00000, 0x00000000c5e00000, 0x00000000c5f00000|  0%| F|  |TAMS 0x00000000c5e00000, 0x00000000c5e00000| Untracked 
|  57|0x00000000c5f00000, 0x00000000c5f00000, 0x00000000c6000000|  0%| F|  |TAMS 0x00000000c5f00000, 0x00000000c5f00000| Untracked 
|  58|0x00000000c6000000, 0x00000000c6000000, 0x00000000c6100000|  0%| F|  |TAMS 0x00000000c6000000, 0x00000000c6000000| Untracked 
|  59|0x00000000c6100000, 0x00000000c6100000, 0x00000000c6200000|  0%| F|  |TAMS 0x00000000c6100000, 0x00000000c6100000| Untracked 
|  60|0x00000000c6200000, 0x00000000c6200000, 0x00000000c6300000|  0%| F|  |TAMS 0x00000000c6200000, 0x00000000c6200000| Untracked 
|  61|0x00000000c6300000, 0x00000000c63eb928, 0x00000000c6400000| 92%| E|  |TAMS 0x00000000c6300000, 0x00000000c6300000| Complete 

Card table byte_map: [0x0000028546570000,0x0000028546760000] _byte_map_base: 0x0000028545f5d000

Marking Bits (Prev, Next): (CMBitMap*) 0x000002852f6e1b80, (CMBitMap*) 0x000002852f6e1bc0
 Prev Bits: [0x0000028546950000, 0x00000285478b8000)
 Next Bits: [0x00000285478c0000, 0x0000028548828000)

Polling page: 0x000002852ee90000

Metaspace:

Usage:
  Non-class:      2.82 MB used.
      Class:    234.90 KB used.
       Both:      3.05 MB used.

Virtual space:
  Non-class space:        8.00 MB reserved,       2.88 MB ( 36%) committed,  1 nodes.
      Class space:        1.00 GB reserved,     256.00 KB ( <1%) committed,  1 nodes.
              Both:        1.01 GB reserved,       3.12 MB ( <1%) committed. 

Chunk freelists:
   Non-Class:  0 bytes
       Class:  3.75 MB
        Both:  3.75 MB

MaxMetaspaceSize: 17179869184.00 GB
CompressedClassSpaceSize: 1.00 GB
 - commit_granule_bytes: 65536.
 - commit_granule_words: 8192.
 - virtual_space_node_default_size: 1048576.
 - enlarge_chunks_in_place: 1.
 - new_chunks_are_fully_committed: 0.
 - uncommit_free_chunks: 1.
 - use_allocation_guard: 0.
 - handle_deallocations: 1.


Internal statistics:

num_allocs_failed_limit: 0.
num_arena_births: 2.
num_arena_deaths: 0.
num_vsnodes_births: 2.
num_vsnodes_deaths: 0.
num_space_committed: 50.
num_space_uncommitted: 0.
num_chunks_returned_to_freelist: 0.
num_chunks_taken_from_freelist: 3.
num_chunk_merges: 0.
num_chunk_splits: 1.
num_chunks_enlarged: 0.
num_purges: 0.

CodeHeap 'non-profiled nmethods': size=120000Kb used=0Kb max_used=0Kb free=120000Kb
 bounds [0x000002853e900000, 0x000002853eb70000, 0x0000028545e30000]
CodeHeap 'profiled nmethods': size=120000Kb used=6Kb max_used=6Kb free=119993Kb
 bounds [0x00000285373d0000, 0x0000028537640000, 0x000002853e900000]
CodeHeap 'non-nmethods': size=5760Kb used=1019Kb max_used=1033Kb free=4740Kb
 bounds [0x0000028536e30000, 0x00000285370a0000, 0x00000285373d0000]
 total_blobs=272 nmethods=5 adapters=181
 compilation: enabled
              stopped_count=0, restarted_count=0
 full_count=0

Compilation events (10 events):
Event: 0.742 Thread 0x000002858c1ef410    1       3       java.lang.String::isLatin1 (19 bytes)
Event: 0.742 Thread 0x000002858c1ef410 nmethod 1 0x00000285373d0010 code [0x00000285373d01a0, 0x00000285373d0318]
Event: 0.742 Thread 0x000002858c1ef410    2       3       java.lang.String::charAt (25 bytes)
Event: 0.743 Thread 0x000002858c1ef410 nmethod 2 0x00000285373d0390 code [0x00000285373d0580, 0x00000285373d0958]
Event: 0.743 Thread 0x000002858c1ef410    3       3       java.lang.StringLatin1::charAt (28 bytes)
Event: 0.743 Thread 0x000002858c1ef410 nmethod 3 0x00000285373d0a90 code [0x00000285373d0c40, 0x00000285373d0e48]
Event: 0.743 Thread 0x000002858c1ef410    4       3       java.lang.String::hashCode (60 bytes)
Event: 0.743 Thread 0x000002858c1ef410 nmethod 4 0x00000285373d0f90 code [0x00000285373d1160, 0x00000285373d14b8]
Event: 0.745 Thread 0x000002858c1ef410    5       3       java.lang.Object::<init> (1 bytes)
Event: 0.745 Thread 0x000002858c1ef410 nmethod 5 0x00000285373d1590 code [0x00000285373d1720, 0x00000285373d1838]

GC Heap History (0 events):
No events

Deoptimization events (0 events):
No events

Classes unloaded (0 events):
No events

Classes redefined (0 events):
No events

Internal exceptions (0 events):
No events

Events (20 events):
Event: 0.745 loading class java/util/jar/JavaUtilJarAccessImpl done
Event: 0.745 loading class java/lang/Runtime$Version
Event: 0.745 loading class java/lang/Runtime$Version done
Event: 0.745 loading class java/util/ImmutableCollections$List12
Event: 0.745 loading class java/util/ImmutableCollections$List12 done
Event: 0.745 loading class java/util/Optional
Event: 0.745 loading class java/util/Optional done
Event: 0.745 loading class jdk/internal/module/ArchivedModuleGraph
Event: 0.745 loading class jdk/internal/module/ArchivedModuleGraph done
Event: 0.746 loading class jdk/internal/module/SystemModuleFinders
Event: 0.746 loading class jdk/internal/module/SystemModuleFinders done
Event: 0.746 loading class java/net/URI
Event: 0.746 loading class java/net/URI done
Event: 0.746 loading class java/net/URI$1
Event: 0.746 loading class jdk/internal/access/JavaNetUriAccess
Event: 0.746 loading class jdk/internal/access/JavaNetUriAccess done
Event: 0.746 loading class java/net/URI$1 done
Event: 0.746 loading class jdk/internal/module/SystemModulesMap
Event: 0.746 loading class jdk/internal/module/SystemModulesMap done
Event: 0.746 loading class jdk/internal/module/SystemModules$all


Dynamic libraries:
0x00007ff636f40000 - 0x00007ff636f50000 	C:\Program Files\Java\jdk-16.0.1\bin\java.exe
0x00007ffcce5d0000 - 0x00007ffcce7c5000 	C:\Windows\SYSTEM32\ntdll.dll
0x00007ffcb72b0000 - 0x00007ffcb72c5000 	C:\Program Files\Avast Software\Avast\aswhook.dll
0x00007ffccd9d0000 - 0x00007ffccda8e000 	C:\Windows\System32\KERNEL32.DLL
0x00007ffccc350000 - 0x00007ffccc619000 	C:\Windows\System32\KERNELBASE.dll
0x00007ffccbcf0000 - 0x00007ffccbdf0000 	C:\Windows\System32\ucrtbase.dll
0x00007ffcc2530000 - 0x00007ffcc2548000 	C:\Program Files\Java\jdk-16.0.1\bin\jli.dll
0x00007ffccd480000 - 0x00007ffccd52c000 	C:\Windows\System32\ADVAPI32.dll
0x00007ffccd930000 - 0x00007ffccd9ce000 	C:\Windows\System32\msvcrt.dll
0x00007ffccde70000 - 0x00007ffccdf0b000 	C:\Windows\System32\sechost.dll
0x00007ffccd6b0000 - 0x00007ffccd7da000 	C:\Windows\System32\RPCRT4.dll
0x00007ffcccb90000 - 0x00007ffcccd31000 	C:\Windows\System32\USER32.dll
0x00007ffccc220000 - 0x00007ffccc242000 	C:\Windows\System32\win32u.dll
0x00007ffcccaa0000 - 0x00007ffcccacb000 	C:\Windows\System32\GDI32.dll
0x00007ffccbdf0000 - 0x00007ffccbefb000 	C:\Windows\System32\gdi32full.dll
0x00007ffcb6f80000 - 0x00007ffcb721a000 	C:\Windows\WinSxS\amd64_microsoft.windows.common-controls_6595b64144ccf1df_6.0.19041.1110_none_60b5254171f9507e\COMCTL32.dll
0x00007ffccc250000 - 0x00007ffccc2ed000 	C:\Windows\System32\msvcp_win.dll
0x00007ffcc34e0000 - 0x00007ffcc34ea000 	C:\Windows\SYSTEM32\VERSION.dll
0x00007ffca4c90000 - 0x00007ffca4ca9000 	C:\Program Files\Java\jdk-16.0.1\bin\VCRUNTIME140.dll
0x00007ffccd900000 - 0x00007ffccd930000 	C:\Windows\System32\IMM32.DLL
0x00007ffcb9580000 - 0x00007ffcb958c000 	C:\Program Files\Java\jdk-16.0.1\bin\vcruntime140_1.dll
0x00007ffc910f0000 - 0x00007ffc91181000 	C:\Program Files\Java\jdk-16.0.1\bin\msvcp140.dll
0x00007ffc5eb10000 - 0x00007ffc5f6bb000 	C:\Program Files\Java\jdk-16.0.1\bin\server\jvm.dll
0x00007ffcb73e0000 - 0x00007ffcb73e9000 	C:\Windows\SYSTEM32\WSOCK32.dll
0x00007ffcba350000 - 0x00007ffcba377000 	C:\Windows\SYSTEM32\WINMM.dll
0x00007ffccd5e0000 - 0x00007ffccd64b000 	C:\Windows\System32\WS2_32.dll
0x00007ffccc880000 - 0x00007ffccc888000 	C:\Windows\System32\PSAPI.DLL
0x00007ffcc9870000 - 0x00007ffcc9882000 	C:\Windows\SYSTEM32\kernel.appcore.dll
0x00007ffca4360000 - 0x00007ffca436a000 	C:\Program Files\Java\jdk-16.0.1\bin\jimage.dll
0x00007ffccb690000 - 0x00007ffccb874000 	C:\Windows\SYSTEM32\DBGHELP.DLL
0x00007ffccb310000 - 0x00007ffccb33c000 	C:\Windows\SYSTEM32\dbgcore.DLL
0x00007ffccc0e0000 - 0x00007ffccc163000 	C:\Windows\System32\bcryptPrimitives.dll
0x00007ffc93180000 - 0x00007ffc931a5000 	C:\Program Files\Java\jdk-16.0.1\bin\java.dll
0x00007ffcccd40000 - 0x00007ffccd47f000 	C:\Windows\System32\SHELL32.dll
0x00007ffcc9a70000 - 0x00007ffcca200000 	C:\Windows\SYSTEM32\windows.storage.dll
0x00007ffccda90000 - 0x00007ffccdde5000 	C:\Windows\System32\combase.dll
0x00007ffccb340000 - 0x00007ffccb36c000 	C:\Windows\SYSTEM32\Wldp.dll
0x00007ffccc620000 - 0x00007ffccc6ce000 	C:\Windows\System32\SHCORE.dll
0x00007ffcccb30000 - 0x00007ffcccb85000 	C:\Windows\System32\shlwapi.dll
0x00007ffccbc30000 - 0x00007ffccbc4f000 	C:\Windows\SYSTEM32\profapi.dll

dbghelp: loaded successfully - version: 4.0.5 - missing functions: none
symbol engine: initialized successfully - sym options: 0x614 - pdb path: .;C:\Program Files\Java\jdk-16.0.1\bin;C:\Windows\SYSTEM32;C:\Program Files\Avast Software\Avast;C:\Windows\WinSxS\amd64_microsoft.windows.common-controls_6595b64144ccf1df_6.0.19041.1110_none_60b5254171f9507e;C:\Program Files\Java\jdk-16.0.1\bin\server

VM Arguments:
jvm_args: -Dfile.encoding=UTF-8 --module-path=C:\Users\Thasneem\pharmacy_managment\build\classes 
java_command: main_class
java_class_path (initial): C:\Users\Thasneem\pharmacy_managment\build\classes
Launcher Type: SUN_STANDARD

[Global flags]
     intx CICompilerCount                          = 4                                         {product} {ergonomic}
     uint ConcGCThreads                            = 3                                         {product} {ergonomic}
     uint G1ConcRefinementThreads                  = 10                                        {product} {ergonomic}
   size_t G1HeapRegionSize                         = 1048576                                   {product} {ergonomic}
    uintx GCDrainStackTargetSize                   = 64                                        {product} {ergonomic}
   size_t InitialHeapSize                          = 65011712                                  {product} {ergonomic}
   size_t MarkStackSize                            = 4194304                                   {product} {ergonomic}
   size_t MaxHeapSize                              = 1033895936                                {product} {ergonomic}
   size_t MaxNewSize                               = 619708416                                 {product} {ergonomic}
   size_t MinHeapDeltaBytes                        = 1048576                                   {product} {ergonomic}
   size_t MinHeapSize                              = 8388608                                   {product} {ergonomic}
    uintx NonNMethodCodeHeapSize                   = 5839372                                {pd product} {ergonomic}
    uintx NonProfiledCodeHeapSize                  = 122909434                              {pd product} {ergonomic}
    uintx ProfiledCodeHeapSize                     = 122909434                              {pd product} {ergonomic}
    uintx ReservedCodeCacheSize                    = 251658240                              {pd product} {ergonomic}
     bool SegmentedCodeCache                       = true                                      {product} {ergonomic}
   size_t SoftMaxHeapSize                          = 1033895936                             {manageable} {ergonomic}
     bool UseCompressedClassPointers               = true                           {product lp64_product} {ergonomic}
     bool UseCompressedOops                        = true                           {product lp64_product} {ergonomic}
     bool UseG1GC                                  = true                                      {product} {ergonomic}
     bool UseLargePagesIndividualAllocation        = false                                  {pd product} {ergonomic}

Logging:
Log output configuration:
 #0: stdout all=warning uptime,level,tags
 #1: stderr all=off uptime,level,tags

Environment Variables:
PATH=C:\Program Files\Common Files\Oracle\Java\javapath;C:\Program Files\Java\jdk-16.0.1;C:\Program Files\Python39\Scripts\;C:\Program Files\Python39\;C:\Program Files (x86)\Intel\Intel(R) Management Engine Components\iCLS\;C:\Program Files\Intel\Intel(R) Management Engine Components\iCLS\;C:\Windows\system32;C:\Windows;C:\Windows\System32\Wbem;C:\Windows\System32\WindowsPowerShell\v1.0\;C:\Windows\System32\OpenSSH\;C:\Program Files (x86)\NVIDIA Corporation\PhysX\Common;C:\Program Files\NVIDIA Corporation\NVIDIA NvDLISR;C:\Program Files (x86)\Intel\Intel(R) Management Engine Components\DAL;C:\Program Files\Intel\Intel(R) Management Engine Components\DAL;C:\Program Files (x86)\Intel\Intel(R) Management Engine Components\IPT;C:\Program Files\Intel\Intel(R) Management Engine Components\IPT;C:\Program Files\Java\jdk-11.0.1\bin;C:\Program Files\Microsoft SQL Server\Client SDK\ODBC\170\Tools\Binn\;C:\Program Files (x86)\Microsoft SQL Server\150\Tools\Binn\;C:\Program Files\Microsoft SQL Server\150\Tools\Binn\;C:\Program Files\Microsoft SQL Server\150\DTS\Binn\;C:\Program Files (x86)\Microsoft SQL Server\150\DTS\Binn\;C:\Program Files\Azure Data Studio\bin;C:\Users\Thasneem\AppData\Local\Microsoft\WindowsApps;C:\Users\Thasneem\AppData\Local\Programs\Microsoft VS Code\bin;C:\Program Files\Java\jdk-11.0.1\bin;;C:\Program Files\Azure Data Studio\bin
USERNAME=Thasneem
OS=Windows_NT
PROCESSOR_IDENTIFIER=Intel64 Family 6 Model 158 Stepping 10, GenuineIntel



---------------  S Y S T E M  ---------------

OS:
 Windows 10 , 64 bit Build 19041 (10.0.19041.1202)
OS uptime: 0 days 7:04 hours

CPU: total 12 (initial active 12) (6 cores per cpu, 2 threads per core) family 6 model 158 stepping 10 microcode 0xb4, cx8, cmov, fxsr, ht, mmx, 3dnowpref, sse, sse2, sse3, ssse3, sse4.1, sse4.2, popcnt, lzcnt, tsc, tscinvbit, avx, avx2, aes, erms, clmul, bmi1, bmi2, adx, fma, vzeroupper, clflush, clflushopt

Memory: 4k page, system-wide physical 3938M (154M free)
TotalPageFile size 6020M (AvailPageFile size 4M)
current process WorkingSet (physical memory assigned to process): 22M, peak: 22M
current process commit charge ("private bytes"): 135M, peak: 140M

vm_info: Java HotSpot(TM) 64-Bit Server VM (16.0.1+9-24) for windows-amd64 JRE (16.0.1+9-24), built on Mar 26 2021 19:31:42 by "mach5one" with MS VC++ 16.7 (VS2019)

END.
